[2021-09-21 00:52:21] local.ERROR: Undefined variable: type (View: /home/bjit/Desktop/training_works/laravel/day2/angkons-pizza-house/resources/views/pizzas.blade.php) {"exception":"[object] (ErrorException(code: 0): Undefined variable: type (View: /home/bjit/Desktop/training_works/laravel/day2/angkons-pizza-house/resources/views/pizzas.blade.php) at /home/bjit/Desktop/training_works/laravel/day2/angkons-pizza-house/storage/framework/views/9f717d91b4fe33fb9ceacb261e44ac37f12dfb2d.php:8, ErrorException(code: 0): Undefined variable: type at /home/bjit/Desktop/training_works/laravel/day2/angkons-pizza-house/storage/framework/views/9f717d91b4fe33fb9ceacb261e44ac37f12dfb2d.php:8)
[stacktrace]
#0 /home/bjit/Desktop/training_works/laravel/day2/angkons-pizza-house/vendor/laravel/framework/src/Illuminate/View/Engines/PhpEngine.php(45): Illuminate\\View\\Engines\\CompilerEngine->handleViewException()
#1 /home/bjit/Desktop/training_works/laravel/day2/angkons-pizza-house/vendor/laravel/framework/src/Illuminate/View/Engines/CompilerEngine.php(59): Illuminate\\View\\Engines\\PhpEngine->evaluatePath()
#2 /home/bjit/Desktop/training_works/laravel/day2/angkons-pizza-house/vendor/laravel/framework/src/Illuminate/View/View.php(142): Illuminate\\View\\Engines\\CompilerEngine->get()
#3 /home/bjit/Desktop/training_works/laravel/day2/angkons-pizza-house/vendor/laravel/framework/src/Illuminate/View/View.php(125): Illuminate\\View\\View->getContents()
#4 /home/bjit/Desktop/training_works/laravel/day2/angkons-pizza-house/vendor/laravel/framework/src/Illuminate/View/View.php(90): Illuminate\\View\\View->renderContents()
#5 /home/bjit/Desktop/training_works/laravel/day2/angkons-pizza-house/vendor/laravel/framework/src/Illuminate/Http/Response.php(42): Illuminate\\View\\View->render()
#6 /home/bjit/Desktop/training_works/laravel/day2/angkons-pizza-house/vendor/symfony/http-foundation/Response.php(205): Illuminate\\Http\\Response->setContent()
#7 /home/bjit/Desktop/training_works/laravel/day2/angkons-pizza-house/vendor/laravel/framework/src/Illuminate/Routing/Router.php(748): Symfony\\Component\\HttpFoundation\\Response->__construct()
#8 /home/bjit/Desktop/training_works/laravel/day2/angkons-pizza-house/vendor/laravel/framework/src/Illuminate/Routing/Router.php(720): Illuminate\\Routing\\Router::toResponse()
#9 /home/bjit/Desktop/training_works/laravel/day2/angkons-pizza-house/vendor/laravel/framework/src/Illuminate/Routing/Router.php(680): Illuminate\\Routing\\Router->prepareResponse()
#10 /home/bjit/Desktop/training_works/laravel/day2/angkons-pizza-house/vendor/laravel/framework/src/Illuminate/Routing/Pipeline.php(30): Illuminate\\Routing\\Router->Illuminate\\Routing\\{closure}()
#11 /home/bjit/Desktop/training_works/laravel/day2/angkons-pizza-house/vendor/laravel/framework/src/Illuminate/Routing/Middleware/SubstituteBindings.php(41): Illuminate\\Routing\\Pipeline->Illuminate\\Routing\\{closure}()
#12 /home/bjit/Desktop/training_works/laravel/day2/angkons-pizza-house/vendor/laravel/framework/src/Illuminate/Pipeline/Pipeline.php(163): Illuminate\\Routing\\Middleware\\SubstituteBindings->handle()
#13 /home/bjit/Desktop/training_works/laravel/day2/angkons-pizza-house/vendor/laravel/framework/src/Illuminate/Routing/Pipeline.php(53): Illuminate\\Pipeline\\Pipeline->Illuminate\\Pipeline\\{closure}()
#14 /home/bjit/Desktop/training_works/laravel/day2/angkons-pizza-house/vendor/laravel/framework/src/Illuminate/Foundation/Http/Middleware/VerifyCsrfToken.php(75): Illuminate\\Routing\\Pipeline->Illuminate\\Routing\\{closure}()
#15 /home/bjit/Desktop/training_works/laravel/day2/angkons-pizza-house/vendor/laravel/framework/src/Illuminate/Pipeline/Pipeline.php(163): Illuminate\\Foundation\\Http\\Middleware\\VerifyCsrfToken->handle()
#16 /home/bjit/Desktop/training_works/laravel/day2/angkons-pizza-house/vendor/laravel/framework/src/Illuminate/Routing/Pipeline.php(53): Illuminate\\Pipeline\\Pipeline->Illuminate\\Pipeline\\{closure}()
#17 /home/bjit/Desktop/training_works/laravel/day2/angkons-pizza-house/vendor/laravel/framework/src/Illuminate/View/Middleware/ShareErrorsFromSession.php(49): Illuminate\\Routing\\Pipeline->Illuminate\\Routing\\{closure}()
#18 /home/bjit/Desktop/training_works/laravel/day2/angkons-pizza-house/vendor/laravel/framework/src/Illuminate/Pipeline/Pipeline.php(163): Illuminate\\View\\Middleware\\ShareErrorsFromSession->handle()
#19 /home/bjit/Desktop/training_works/laravel/day2/angkons-pizza-house/vendor/laravel/framework/src/Illuminate/Routing/Pipeline.php(53): Illuminate\\Pipeline\\Pipeline->Illuminate\\Pipeline\\{closure}()
#20 /home/bjit/Desktop/training_works/laravel/day2/angkons-pizza-house/vendor/laravel/framework/src/Illuminate/Session/Middleware/StartSession.php(56): Illuminate\\Routing\\Pipeline->Illuminate\\Routing\\{closure}()
#21 /home/bjit/Desktop/training_works/laravel/day2/angkons-pizza-house/vendor/laravel/framework/src/Illuminate/Pipeline/Pipeline.php(163): Illuminate\\Session\\Middleware\\StartSession->handle()
#22 /home/bjit/Desktop/training_works/laravel/day2/angkons-pizza-house/vendor/laravel/framework/src/Illuminate/Routing/Pipeline.php(53): Illuminate\\Pipeline\\Pipeline->Illuminate\\Pipeline\\{closure}()
#23 /home/bjit/Desktop/training_works/laravel/day2/angkons-pizza-house/vendor/laravel/framework/src/Illuminate/Cookie/Middleware/AddQueuedCookiesToResponse.php(37): Illuminate\\Routing\\Pipeline->Illuminate\\Routing\\{closure}()
#24 /home/bjit/Desktop/training_works/laravel/day2/angkons-pizza-house/vendor/laravel/framework/src/Illuminate/Pipeline/Pipeline.php(163): Illuminate\\Cookie\\Middleware\\AddQueuedCookiesToResponse->handle()
#25 /home/bjit/Desktop/training_works/laravel/day2/angkons-pizza-house/vendor/laravel/framework/src/Illuminate/Routing/Pipeline.php(53): Illuminate\\Pipeline\\Pipeline->Illuminate\\Pipeline\\{closure}()
#26 /home/bjit/Desktop/training_works/laravel/day2/angkons-pizza-house/vendor/laravel/framework/src/Illuminate/Cookie/Middleware/EncryptCookies.php(66): Illuminate\\Routing\\Pipeline->Illuminate\\Routing\\{closure}()
#27 /home/bjit/Desktop/training_works/laravel/day2/angkons-pizza-house/vendor/laravel/framework/src/Illuminate/Pipeline/Pipeline.php(163): Illuminate\\Cookie\\Middleware\\EncryptCookies->handle()
#28 /home/bjit/Desktop/training_works/laravel/day2/angkons-pizza-house/vendor/laravel/framework/src/Illuminate/Routing/Pipeline.php(53): Illuminate\\Pipeline\\Pipeline->Illuminate\\Pipeline\\{closure}()
#29 /home/bjit/Desktop/training_works/laravel/day2/angkons-pizza-house/vendor/laravel/framework/src/Illuminate/Pipeline/Pipeline.php(104): Illuminate\\Routing\\Pipeline->Illuminate\\Routing\\{closure}()
#30 /home/bjit/Desktop/training_works/laravel/day2/angkons-pizza-house/vendor/laravel/framework/src/Illuminate/Routing/Router.php(682): Illuminate\\Pipeline\\Pipeline->then()
#31 /home/bjit/Desktop/training_works/laravel/day2/angkons-pizza-house/vendor/laravel/framework/src/Illuminate/Routing/Router.php(657): Illuminate\\Routing\\Router->runRouteWithinStack()
#32 /home/bjit/Desktop/training_works/laravel/day2/angkons-pizza-house/vendor/laravel/framework/src/Illuminate/Routing/Router.php(623): Illuminate\\Routing\\Router->runRoute()
#33 /home/bjit/Desktop/training_works/laravel/day2/angkons-pizza-house/vendor/laravel/framework/src/Illuminate/Routing/Router.php(612): Illuminate\\Routing\\Router->dispatchToRoute()
#34 /home/bjit/Desktop/training_works/laravel/day2/angkons-pizza-house/vendor/laravel/framework/src/Illuminate/Foundation/Http/Kernel.php(176): Illuminate\\Routing\\Router->dispatch()
#35 /home/bjit/Desktop/training_works/laravel/day2/angkons-pizza-house/vendor/laravel/framework/src/Illuminate/Routing/Pipeline.php(30): Illuminate\\Foundation\\Http\\Kernel->Illuminate\\Foundation\\Http\\{closure}()
#36 /home/bjit/Desktop/training_works/laravel/day2/angkons-pizza-house/vendor/laravel/framework/src/Illuminate/Foundation/Http/Middleware/TransformsRequest.php(21): Illuminate\\Routing\\Pipeline->Illuminate\\Routing\\{closure}()
#37 /home/bjit/Desktop/training_works/laravel/day2/angkons-pizza-house/vendor/laravel/framework/src/Illuminate/Pipeline/Pipeline.php(163): Illuminate\\Foundation\\Http\\Middleware\\TransformsRequest->handle()
#38 /home/bjit/Desktop/training_works/laravel/day2/angkons-pizza-house/vendor/laravel/framework/src/Illuminate/Routing/Pipeline.php(53): Illuminate\\Pipeline\\Pipeline->Illuminate\\Pipeline\\{closure}()
#39 /home/bjit/Desktop/training_works/laravel/day2/angkons-pizza-house/vendor/laravel/framework/src/Illuminate/Foundation/Http/Middleware/TransformsRequest.php(21): Illuminate\\Routing\\Pipeline->Illuminate\\Routing\\{closure}()
#40 /home/bjit/Desktop/training_works/laravel/day2/angkons-pizza-house/vendor/laravel/framework/src/Illuminate/Pipeline/Pipeline.php(163): Illuminate\\Foundation\\Http\\Middleware\\TransformsRequest->handle()
#41 /home/bjit/Desktop/training_works/laravel/day2/angkons-pizza-house/vendor/laravel/framework/src/Illuminate/Routing/Pipeline.php(53): Illuminate\\Pipeline\\Pipeline->Illuminate\\Pipeline\\{closure}()
#42 /home/bjit/Desktop/training_works/laravel/day2/angkons-pizza-house/vendor/laravel/framework/src/Illuminate/Foundation/Http/Middleware/ValidatePostSize.php(27): Illuminate\\Routing\\Pipeline->Illuminate\\Routing\\{closure}()
#43 /home/bjit/Desktop/training_works/laravel/day2/angkons-pizza-house/vendor/laravel/framework/src/Illuminate/Pipeline/Pipeline.php(163): Illuminate\\Foundation\\Http\\Middleware\\ValidatePostSize->handle()
#44 /home/bjit/Desktop/training_works/laravel/day2/angkons-pizza-house/vendor/laravel/framework/src/Illuminate/Routing/Pipeline.php(53): Illuminate\\Pipeline\\Pipeline->Illuminate\\Pipeline\\{closure}()
#45 /home/bjit/Desktop/training_works/laravel/day2/angkons-pizza-house/vendor/laravel/framework/src/Illuminate/Foundation/Http/Middleware/CheckForMaintenanceMode.php(62): Illuminate\\Routing\\Pipeline->Illuminate\\Routing\\{closure}()
#46 /home/bjit/Desktop/training_works/laravel/day2/angkons-pizza-house/vendor/laravel/framework/src/Illuminate/Pipeline/Pipeline.php(163): Illuminate\\Foundation\\Http\\Middleware\\CheckForMaintenanceMode->handle()
#47 /home/bjit/Desktop/training_works/laravel/day2/angkons-pizza-house/vendor/laravel/framework/src/Illuminate/Routing/Pipeline.php(53): Illuminate\\Pipeline\\Pipeline->Illuminate\\Pipeline\\{closure}()
#48 /home/bjit/Desktop/training_works/laravel/day2/angkons-pizza-house/vendor/fideloper/proxy/src/TrustProxies.php(57): Illuminate\\Routing\\Pipeline->Illuminate\\Routing\\{closure}()
#49 /home/bjit/Desktop/training_works/laravel/day2/angkons-pizza-house/vendor/laravel/framework/src/Illuminate/Pipeline/Pipeline.php(163): Fideloper\\Proxy\\TrustProxies->handle()
#50 /home/bjit/Desktop/training_works/laravel/day2/angkons-pizza-house/vendor/laravel/framework/src/Illuminate/Routing/Pipeline.php(53): Illuminate\\Pipeline\\Pipeline->Illuminate\\Pipeline\\{closure}()
#51 /home/bjit/Desktop/training_works/laravel/day2/angkons-pizza-house/vendor/laravel/framework/src/Illuminate/Pipeline/Pipeline.php(104): Illuminate\\Routing\\Pipeline->Illuminate\\Routing\\{closure}()
#52 /home/bjit/Desktop/training_works/laravel/day2/angkons-pizza-house/vendor/laravel/framework/src/Illuminate/Foundation/Http/Kernel.php(151): Illuminate\\Pipeline\\Pipeline->then()
#53 /home/bjit/Desktop/training_works/laravel/day2/angkons-pizza-house/vendor/laravel/framework/src/Illuminate/Foundation/Http/Kernel.php(116): Illuminate\\Foundation\\Http\\Kernel->sendRequestThroughRouter()
#54 /home/bjit/Desktop/training_works/laravel/day2/angkons-pizza-house/public/index.php(55): Illuminate\\Foundation\\Http\\Kernel->handle()
#55 /home/bjit/Desktop/training_works/laravel/day2/angkons-pizza-house/server.php(21): require_once('/home/bjit/Desk...')
#56 {main}
"} 
[2021-09-21 00:52:31] local.ERROR: Undefined variable: type (View: /home/bjit/Desktop/training_works/laravel/day2/angkons-pizza-house/resources/views/pizzas.blade.php) {"exception":"[object] (ErrorException(code: 0): Undefined variable: type (View: /home/bjit/Desktop/training_works/laravel/day2/angkons-pizza-house/resources/views/pizzas.blade.php) at /home/bjit/Desktop/training_works/laravel/day2/angkons-pizza-house/storage/framework/views/9f717d91b4fe33fb9ceacb261e44ac37f12dfb2d.php:8, ErrorException(code: 0): Undefined variable: type at /home/bjit/Desktop/training_works/laravel/day2/angkons-pizza-house/storage/framework/views/9f717d91b4fe33fb9ceacb261e44ac37f12dfb2d.php:8)
[stacktrace]
#0 /home/bjit/Desktop/training_works/laravel/day2/angkons-pizza-house/vendor/laravel/framework/src/Illuminate/View/Engines/PhpEngine.php(45): Illuminate\\View\\Engines\\CompilerEngine->handleViewException()
#1 /home/bjit/Desktop/training_works/laravel/day2/angkons-pizza-house/vendor/laravel/framework/src/Illuminate/View/Engines/CompilerEngine.php(59): Illuminate\\View\\Engines\\PhpEngine->evaluatePath()
#2 /home/bjit/Desktop/training_works/laravel/day2/angkons-pizza-house/vendor/laravel/framework/src/Illuminate/View/View.php(142): Illuminate\\View\\Engines\\CompilerEngine->get()
#3 /home/bjit/Desktop/training_works/laravel/day2/angkons-pizza-house/vendor/laravel/framework/src/Illuminate/View/View.php(125): Illuminate\\View\\View->getContents()
#4 /home/bjit/Desktop/training_works/laravel/day2/angkons-pizza-house/vendor/laravel/framework/src/Illuminate/View/View.php(90): Illuminate\\View\\View->renderContents()
#5 /home/bjit/Desktop/training_works/laravel/day2/angkons-pizza-house/vendor/laravel/framework/src/Illuminate/Http/Response.php(42): Illuminate\\View\\View->render()
#6 /home/bjit/Desktop/training_works/laravel/day2/angkons-pizza-house/vendor/symfony/http-foundation/Response.php(205): Illuminate\\Http\\Response->setContent()
#7 /home/bjit/Desktop/training_works/laravel/day2/angkons-pizza-house/vendor/laravel/framework/src/Illuminate/Routing/Router.php(748): Symfony\\Component\\HttpFoundation\\Response->__construct()
#8 /home/bjit/Desktop/training_works/laravel/day2/angkons-pizza-house/vendor/laravel/framework/src/Illuminate/Routing/Router.php(720): Illuminate\\Routing\\Router::toResponse()
#9 /home/bjit/Desktop/training_works/laravel/day2/angkons-pizza-house/vendor/laravel/framework/src/Illuminate/Routing/Router.php(680): Illuminate\\Routing\\Router->prepareResponse()
#10 /home/bjit/Desktop/training_works/laravel/day2/angkons-pizza-house/vendor/laravel/framework/src/Illuminate/Routing/Pipeline.php(30): Illuminate\\Routing\\Router->Illuminate\\Routing\\{closure}()
#11 /home/bjit/Desktop/training_works/laravel/day2/angkons-pizza-house/vendor/laravel/framework/src/Illuminate/Routing/Middleware/SubstituteBindings.php(41): Illuminate\\Routing\\Pipeline->Illuminate\\Routing\\{closure}()
#12 /home/bjit/Desktop/training_works/laravel/day2/angkons-pizza-house/vendor/laravel/framework/src/Illuminate/Pipeline/Pipeline.php(163): Illuminate\\Routing\\Middleware\\SubstituteBindings->handle()
#13 /home/bjit/Desktop/training_works/laravel/day2/angkons-pizza-house/vendor/laravel/framework/src/Illuminate/Routing/Pipeline.php(53): Illuminate\\Pipeline\\Pipeline->Illuminate\\Pipeline\\{closure}()
#14 /home/bjit/Desktop/training_works/laravel/day2/angkons-pizza-house/vendor/laravel/framework/src/Illuminate/Foundation/Http/Middleware/VerifyCsrfToken.php(75): Illuminate\\Routing\\Pipeline->Illuminate\\Routing\\{closure}()
#15 /home/bjit/Desktop/training_works/laravel/day2/angkons-pizza-house/vendor/laravel/framework/src/Illuminate/Pipeline/Pipeline.php(163): Illuminate\\Foundation\\Http\\Middleware\\VerifyCsrfToken->handle()
#16 /home/bjit/Desktop/training_works/laravel/day2/angkons-pizza-house/vendor/laravel/framework/src/Illuminate/Routing/Pipeline.php(53): Illuminate\\Pipeline\\Pipeline->Illuminate\\Pipeline\\{closure}()
#17 /home/bjit/Desktop/training_works/laravel/day2/angkons-pizza-house/vendor/laravel/framework/src/Illuminate/View/Middleware/ShareErrorsFromSession.php(49): Illuminate\\Routing\\Pipeline->Illuminate\\Routing\\{closure}()
#18 /home/bjit/Desktop/training_works/laravel/day2/angkons-pizza-house/vendor/laravel/framework/src/Illuminate/Pipeline/Pipeline.php(163): Illuminate\\View\\Middleware\\ShareErrorsFromSession->handle()
#19 /home/bjit/Desktop/training_works/laravel/day2/angkons-pizza-house/vendor/laravel/framework/src/Illuminate/Routing/Pipeline.php(53): Illuminate\\Pipeline\\Pipeline->Illuminate\\Pipeline\\{closure}()
#20 /home/bjit/Desktop/training_works/laravel/day2/angkons-pizza-house/vendor/laravel/framework/src/Illuminate/Session/Middleware/StartSession.php(56): Illuminate\\Routing\\Pipeline->Illuminate\\Routing\\{closure}()
#21 /home/bjit/Desktop/training_works/laravel/day2/angkons-pizza-house/vendor/laravel/framework/src/Illuminate/Pipeline/Pipeline.php(163): Illuminate\\Session\\Middleware\\StartSession->handle()
#22 /home/bjit/Desktop/training_works/laravel/day2/angkons-pizza-house/vendor/laravel/framework/src/Illuminate/Routing/Pipeline.php(53): Illuminate\\Pipeline\\Pipeline->Illuminate\\Pipeline\\{closure}()
#23 /home/bjit/Desktop/training_works/laravel/day2/angkons-pizza-house/vendor/laravel/framework/src/Illuminate/Cookie/Middleware/AddQueuedCookiesToResponse.php(37): Illuminate\\Routing\\Pipeline->Illuminate\\Routing\\{closure}()
#24 /home/bjit/Desktop/training_works/laravel/day2/angkons-pizza-house/vendor/laravel/framework/src/Illuminate/Pipeline/Pipeline.php(163): Illuminate\\Cookie\\Middleware\\AddQueuedCookiesToResponse->handle()
#25 /home/bjit/Desktop/training_works/laravel/day2/angkons-pizza-house/vendor/laravel/framework/src/Illuminate/Routing/Pipeline.php(53): Illuminate\\Pipeline\\Pipeline->Illuminate\\Pipeline\\{closure}()
#26 /home/bjit/Desktop/training_works/laravel/day2/angkons-pizza-house/vendor/laravel/framework/src/Illuminate/Cookie/Middleware/EncryptCookies.php(66): Illuminate\\Routing\\Pipeline->Illuminate\\Routing\\{closure}()
#27 /home/bjit/Desktop/training_works/laravel/day2/angkons-pizza-house/vendor/laravel/framework/src/Illuminate/Pipeline/Pipeline.php(163): Illuminate\\Cookie\\Middleware\\EncryptCookies->handle()
#28 /home/bjit/Desktop/training_works/laravel/day2/angkons-pizza-house/vendor/laravel/framework/src/Illuminate/Routing/Pipeline.php(53): Illuminate\\Pipeline\\Pipeline->Illuminate\\Pipeline\\{closure}()
#29 /home/bjit/Desktop/training_works/laravel/day2/angkons-pizza-house/vendor/laravel/framework/src/Illuminate/Pipeline/Pipeline.php(104): Illuminate\\Routing\\Pipeline->Illuminate\\Routing\\{closure}()
#30 /home/bjit/Desktop/training_works/laravel/day2/angkons-pizza-house/vendor/laravel/framework/src/Illuminate/Routing/Router.php(682): Illuminate\\Pipeline\\Pipeline->then()
#31 /home/bjit/Desktop/training_works/laravel/day2/angkons-pizza-house/vendor/laravel/framework/src/Illuminate/Routing/Router.php(657): Illuminate\\Routing\\Router->runRouteWithinStack()
#32 /home/bjit/Desktop/training_works/laravel/day2/angkons-pizza-house/vendor/laravel/framework/src/Illuminate/Routing/Router.php(623): Illuminate\\Routing\\Router->runRoute()
#33 /home/bjit/Desktop/training_works/laravel/day2/angkons-pizza-house/vendor/laravel/framework/src/Illuminate/Routing/Router.php(612): Illuminate\\Routing\\Router->dispatchToRoute()
#34 /home/bjit/Desktop/training_works/laravel/day2/angkons-pizza-house/vendor/laravel/framework/src/Illuminate/Foundation/Http/Kernel.php(176): Illuminate\\Routing\\Router->dispatch()
#35 /home/bjit/Desktop/training_works/laravel/day2/angkons-pizza-house/vendor/laravel/framework/src/Illuminate/Routing/Pipeline.php(30): Illuminate\\Foundation\\Http\\Kernel->Illuminate\\Foundation\\Http\\{closure}()
#36 /home/bjit/Desktop/training_works/laravel/day2/angkons-pizza-house/vendor/laravel/framework/src/Illuminate/Foundation/Http/Middleware/TransformsRequest.php(21): Illuminate\\Routing\\Pipeline->Illuminate\\Routing\\{closure}()
#37 /home/bjit/Desktop/training_works/laravel/day2/angkons-pizza-house/vendor/laravel/framework/src/Illuminate/Pipeline/Pipeline.php(163): Illuminate\\Foundation\\Http\\Middleware\\TransformsRequest->handle()
#38 /home/bjit/Desktop/training_works/laravel/day2/angkons-pizza-house/vendor/laravel/framework/src/Illuminate/Routing/Pipeline.php(53): Illuminate\\Pipeline\\Pipeline->Illuminate\\Pipeline\\{closure}()
#39 /home/bjit/Desktop/training_works/laravel/day2/angkons-pizza-house/vendor/laravel/framework/src/Illuminate/Foundation/Http/Middleware/TransformsRequest.php(21): Illuminate\\Routing\\Pipeline->Illuminate\\Routing\\{closure}()
#40 /home/bjit/Desktop/training_works/laravel/day2/angkons-pizza-house/vendor/laravel/framework/src/Illuminate/Pipeline/Pipeline.php(163): Illuminate\\Foundation\\Http\\Middleware\\TransformsRequest->handle()
#41 /home/bjit/Desktop/training_works/laravel/day2/angkons-pizza-house/vendor/laravel/framework/src/Illuminate/Routing/Pipeline.php(53): Illuminate\\Pipeline\\Pipeline->Illuminate\\Pipeline\\{closure}()
#42 /home/bjit/Desktop/training_works/laravel/day2/angkons-pizza-house/vendor/laravel/framework/src/Illuminate/Foundation/Http/Middleware/ValidatePostSize.php(27): Illuminate\\Routing\\Pipeline->Illuminate\\Routing\\{closure}()
#43 /home/bjit/Desktop/training_works/laravel/day2/angkons-pizza-house/vendor/laravel/framework/src/Illuminate/Pipeline/Pipeline.php(163): Illuminate\\Foundation\\Http\\Middleware\\ValidatePostSize->handle()
#44 /home/bjit/Desktop/training_works/laravel/day2/angkons-pizza-house/vendor/laravel/framework/src/Illuminate/Routing/Pipeline.php(53): Illuminate\\Pipeline\\Pipeline->Illuminate\\Pipeline\\{closure}()
#45 /home/bjit/Desktop/training_works/laravel/day2/angkons-pizza-house/vendor/laravel/framework/src/Illuminate/Foundation/Http/Middleware/CheckForMaintenanceMode.php(62): Illuminate\\Routing\\Pipeline->Illuminate\\Routing\\{closure}()
#46 /home/bjit/Desktop/training_works/laravel/day2/angkons-pizza-house/vendor/laravel/framework/src/Illuminate/Pipeline/Pipeline.php(163): Illuminate\\Foundation\\Http\\Middleware\\CheckForMaintenanceMode->handle()
#47 /home/bjit/Desktop/training_works/laravel/day2/angkons-pizza-house/vendor/laravel/framework/src/Illuminate/Routing/Pipeline.php(53): Illuminate\\Pipeline\\Pipeline->Illuminate\\Pipeline\\{closure}()
#48 /home/bjit/Desktop/training_works/laravel/day2/angkons-pizza-house/vendor/fideloper/proxy/src/TrustProxies.php(57): Illuminate\\Routing\\Pipeline->Illuminate\\Routing\\{closure}()
#49 /home/bjit/Desktop/training_works/laravel/day2/angkons-pizza-house/vendor/laravel/framework/src/Illuminate/Pipeline/Pipeline.php(163): Fideloper\\Proxy\\TrustProxies->handle()
#50 /home/bjit/Desktop/training_works/laravel/day2/angkons-pizza-house/vendor/laravel/framework/src/Illuminate/Routing/Pipeline.php(53): Illuminate\\Pipeline\\Pipeline->Illuminate\\Pipeline\\{closure}()
#51 /home/bjit/Desktop/training_works/laravel/day2/angkons-pizza-house/vendor/laravel/framework/src/Illuminate/Pipeline/Pipeline.php(104): Illuminate\\Routing\\Pipeline->Illuminate\\Routing\\{closure}()
#52 /home/bjit/Desktop/training_works/laravel/day2/angkons-pizza-house/vendor/laravel/framework/src/Illuminate/Foundation/Http/Kernel.php(151): Illuminate\\Pipeline\\Pipeline->then()
#53 /home/bjit/Desktop/training_works/laravel/day2/angkons-pizza-house/vendor/laravel/framework/src/Illuminate/Foundation/Http/Kernel.php(116): Illuminate\\Foundation\\Http\\Kernel->sendRequestThroughRouter()
#54 /home/bjit/Desktop/training_works/laravel/day2/angkons-pizza-house/public/index.php(55): Illuminate\\Foundation\\Http\\Kernel->handle()
#55 /home/bjit/Desktop/training_works/laravel/day2/angkons-pizza-house/server.php(21): require_once('/home/bjit/Desk...')
#56 {main}
"} 
[2021-09-21 02:24:34] local.ERROR: Trying to get property 'name' of non-object (View: /home/bjit/Desktop/training_works/laravel/day2/angkons-pizza-house/resources/views/pizzas/show.blade.php) {"exception":"[object] (ErrorException(code: 0): Trying to get property 'name' of non-object (View: /home/bjit/Desktop/training_works/laravel/day2/angkons-pizza-house/resources/views/pizzas/show.blade.php) at /home/bjit/Desktop/training_works/laravel/day2/angkons-pizza-house/storage/framework/views/cd67dd6a1b31e941571002a7387e4aca9296e8a1.php:3, ErrorException(code: 0): Trying to get property 'name' of non-object at /home/bjit/Desktop/training_works/laravel/day2/angkons-pizza-house/storage/framework/views/cd67dd6a1b31e941571002a7387e4aca9296e8a1.php:3)
[stacktrace]
#0 /home/bjit/Desktop/training_works/laravel/day2/angkons-pizza-house/vendor/laravel/framework/src/Illuminate/View/Engines/PhpEngine.php(45): Illuminate\\View\\Engines\\CompilerEngine->handleViewException()
#1 /home/bjit/Desktop/training_works/laravel/day2/angkons-pizza-house/vendor/laravel/framework/src/Illuminate/View/Engines/CompilerEngine.php(59): Illuminate\\View\\Engines\\PhpEngine->evaluatePath()
#2 /home/bjit/Desktop/training_works/laravel/day2/angkons-pizza-house/vendor/laravel/framework/src/Illuminate/View/View.php(142): Illuminate\\View\\Engines\\CompilerEngine->get()
#3 /home/bjit/Desktop/training_works/laravel/day2/angkons-pizza-house/vendor/laravel/framework/src/Illuminate/View/View.php(125): Illuminate\\View\\View->getContents()
#4 /home/bjit/Desktop/training_works/laravel/day2/angkons-pizza-house/vendor/laravel/framework/src/Illuminate/View/View.php(90): Illuminate\\View\\View->renderContents()
#5 /home/bjit/Desktop/training_works/laravel/day2/angkons-pizza-house/vendor/laravel/framework/src/Illuminate/Http/Response.php(42): Illuminate\\View\\View->render()
#6 /home/bjit/Desktop/training_works/laravel/day2/angkons-pizza-house/vendor/symfony/http-foundation/Response.php(205): Illuminate\\Http\\Response->setContent()
#7 /home/bjit/Desktop/training_works/laravel/day2/angkons-pizza-house/vendor/laravel/framework/src/Illuminate/Routing/Router.php(748): Symfony\\Component\\HttpFoundation\\Response->__construct()
#8 /home/bjit/Desktop/training_works/laravel/day2/angkons-pizza-house/vendor/laravel/framework/src/Illuminate/Routing/Router.php(720): Illuminate\\Routing\\Router::toResponse()
#9 /home/bjit/Desktop/training_works/laravel/day2/angkons-pizza-house/vendor/laravel/framework/src/Illuminate/Routing/Router.php(680): Illuminate\\Routing\\Router->prepareResponse()
#10 /home/bjit/Desktop/training_works/laravel/day2/angkons-pizza-house/vendor/laravel/framework/src/Illuminate/Routing/Pipeline.php(30): Illuminate\\Routing\\Router->Illuminate\\Routing\\{closure}()
#11 /home/bjit/Desktop/training_works/laravel/day2/angkons-pizza-house/vendor/laravel/framework/src/Illuminate/Routing/Middleware/SubstituteBindings.php(41): Illuminate\\Routing\\Pipeline->Illuminate\\Routing\\{closure}()
#12 /home/bjit/Desktop/training_works/laravel/day2/angkons-pizza-house/vendor/laravel/framework/src/Illuminate/Pipeline/Pipeline.php(163): Illuminate\\Routing\\Middleware\\SubstituteBindings->handle()
#13 /home/bjit/Desktop/training_works/laravel/day2/angkons-pizza-house/vendor/laravel/framework/src/Illuminate/Routing/Pipeline.php(53): Illuminate\\Pipeline\\Pipeline->Illuminate\\Pipeline\\{closure}()
#14 /home/bjit/Desktop/training_works/laravel/day2/angkons-pizza-house/vendor/laravel/framework/src/Illuminate/Foundation/Http/Middleware/VerifyCsrfToken.php(75): Illuminate\\Routing\\Pipeline->Illuminate\\Routing\\{closure}()
#15 /home/bjit/Desktop/training_works/laravel/day2/angkons-pizza-house/vendor/laravel/framework/src/Illuminate/Pipeline/Pipeline.php(163): Illuminate\\Foundation\\Http\\Middleware\\VerifyCsrfToken->handle()
#16 /home/bjit/Desktop/training_works/laravel/day2/angkons-pizza-house/vendor/laravel/framework/src/Illuminate/Routing/Pipeline.php(53): Illuminate\\Pipeline\\Pipeline->Illuminate\\Pipeline\\{closure}()
#17 /home/bjit/Desktop/training_works/laravel/day2/angkons-pizza-house/vendor/laravel/framework/src/Illuminate/View/Middleware/ShareErrorsFromSession.php(49): Illuminate\\Routing\\Pipeline->Illuminate\\Routing\\{closure}()
#18 /home/bjit/Desktop/training_works/laravel/day2/angkons-pizza-house/vendor/laravel/framework/src/Illuminate/Pipeline/Pipeline.php(163): Illuminate\\View\\Middleware\\ShareErrorsFromSession->handle()
#19 /home/bjit/Desktop/training_works/laravel/day2/angkons-pizza-house/vendor/laravel/framework/src/Illuminate/Routing/Pipeline.php(53): Illuminate\\Pipeline\\Pipeline->Illuminate\\Pipeline\\{closure}()
#20 /home/bjit/Desktop/training_works/laravel/day2/angkons-pizza-house/vendor/laravel/framework/src/Illuminate/Session/Middleware/StartSession.php(56): Illuminate\\Routing\\Pipeline->Illuminate\\Routing\\{closure}()
#21 /home/bjit/Desktop/training_works/laravel/day2/angkons-pizza-house/vendor/laravel/framework/src/Illuminate/Pipeline/Pipeline.php(163): Illuminate\\Session\\Middleware\\StartSession->handle()
#22 /home/bjit/Desktop/training_works/laravel/day2/angkons-pizza-house/vendor/laravel/framework/src/Illuminate/Routing/Pipeline.php(53): Illuminate\\Pipeline\\Pipeline->Illuminate\\Pipeline\\{closure}()
#23 /home/bjit/Desktop/training_works/laravel/day2/angkons-pizza-house/vendor/laravel/framework/src/Illuminate/Cookie/Middleware/AddQueuedCookiesToResponse.php(37): Illuminate\\Routing\\Pipeline->Illuminate\\Routing\\{closure}()
#24 /home/bjit/Desktop/training_works/laravel/day2/angkons-pizza-house/vendor/laravel/framework/src/Illuminate/Pipeline/Pipeline.php(163): Illuminate\\Cookie\\Middleware\\AddQueuedCookiesToResponse->handle()
#25 /home/bjit/Desktop/training_works/laravel/day2/angkons-pizza-house/vendor/laravel/framework/src/Illuminate/Routing/Pipeline.php(53): Illuminate\\Pipeline\\Pipeline->Illuminate\\Pipeline\\{closure}()
#26 /home/bjit/Desktop/training_works/laravel/day2/angkons-pizza-house/vendor/laravel/framework/src/Illuminate/Cookie/Middleware/EncryptCookies.php(66): Illuminate\\Routing\\Pipeline->Illuminate\\Routing\\{closure}()
#27 /home/bjit/Desktop/training_works/laravel/day2/angkons-pizza-house/vendor/laravel/framework/src/Illuminate/Pipeline/Pipeline.php(163): Illuminate\\Cookie\\Middleware\\EncryptCookies->handle()
#28 /home/bjit/Desktop/training_works/laravel/day2/angkons-pizza-house/vendor/laravel/framework/src/Illuminate/Routing/Pipeline.php(53): Illuminate\\Pipeline\\Pipeline->Illuminate\\Pipeline\\{closure}()
#29 /home/bjit/Desktop/training_works/laravel/day2/angkons-pizza-house/vendor/laravel/framework/src/Illuminate/Pipeline/Pipeline.php(104): Illuminate\\Routing\\Pipeline->Illuminate\\Routing\\{closure}()
#30 /home/bjit/Desktop/training_works/laravel/day2/angkons-pizza-house/vendor/laravel/framework/src/Illuminate/Routing/Router.php(682): Illuminate\\Pipeline\\Pipeline->then()
#31 /home/bjit/Desktop/training_works/laravel/day2/angkons-pizza-house/vendor/laravel/framework/src/Illuminate/Routing/Router.php(657): Illuminate\\Routing\\Router->runRouteWithinStack()
#32 /home/bjit/Desktop/training_works/laravel/day2/angkons-pizza-house/vendor/laravel/framework/src/Illuminate/Routing/Router.php(623): Illuminate\\Routing\\Router->runRoute()
#33 /home/bjit/Desktop/training_works/laravel/day2/angkons-pizza-house/vendor/laravel/framework/src/Illuminate/Routing/Router.php(612): Illuminate\\Routing\\Router->dispatchToRoute()
#34 /home/bjit/Desktop/training_works/laravel/day2/angkons-pizza-house/vendor/laravel/framework/src/Illuminate/Foundation/Http/Kernel.php(176): Illuminate\\Routing\\Router->dispatch()
#35 /home/bjit/Desktop/training_works/laravel/day2/angkons-pizza-house/vendor/laravel/framework/src/Illuminate/Routing/Pipeline.php(30): Illuminate\\Foundation\\Http\\Kernel->Illuminate\\Foundation\\Http\\{closure}()
#36 /home/bjit/Desktop/training_works/laravel/day2/angkons-pizza-house/vendor/laravel/framework/src/Illuminate/Foundation/Http/Middleware/TransformsRequest.php(21): Illuminate\\Routing\\Pipeline->Illuminate\\Routing\\{closure}()
#37 /home/bjit/Desktop/training_works/laravel/day2/angkons-pizza-house/vendor/laravel/framework/src/Illuminate/Pipeline/Pipeline.php(163): Illuminate\\Foundation\\Http\\Middleware\\TransformsRequest->handle()
#38 /home/bjit/Desktop/training_works/laravel/day2/angkons-pizza-house/vendor/laravel/framework/src/Illuminate/Routing/Pipeline.php(53): Illuminate\\Pipeline\\Pipeline->Illuminate\\Pipeline\\{closure}()
#39 /home/bjit/Desktop/training_works/laravel/day2/angkons-pizza-house/vendor/laravel/framework/src/Illuminate/Foundation/Http/Middleware/TransformsRequest.php(21): Illuminate\\Routing\\Pipeline->Illuminate\\Routing\\{closure}()
#40 /home/bjit/Desktop/training_works/laravel/day2/angkons-pizza-house/vendor/laravel/framework/src/Illuminate/Pipeline/Pipeline.php(163): Illuminate\\Foundation\\Http\\Middleware\\TransformsRequest->handle()
#41 /home/bjit/Desktop/training_works/laravel/day2/angkons-pizza-house/vendor/laravel/framework/src/Illuminate/Routing/Pipeline.php(53): Illuminate\\Pipeline\\Pipeline->Illuminate\\Pipeline\\{closure}()
#42 /home/bjit/Desktop/training_works/laravel/day2/angkons-pizza-house/vendor/laravel/framework/src/Illuminate/Foundation/Http/Middleware/ValidatePostSize.php(27): Illuminate\\Routing\\Pipeline->Illuminate\\Routing\\{closure}()
#43 /home/bjit/Desktop/training_works/laravel/day2/angkons-pizza-house/vendor/laravel/framework/src/Illuminate/Pipeline/Pipeline.php(163): Illuminate\\Foundation\\Http\\Middleware\\ValidatePostSize->handle()
#44 /home/bjit/Desktop/training_works/laravel/day2/angkons-pizza-house/vendor/laravel/framework/src/Illuminate/Routing/Pipeline.php(53): Illuminate\\Pipeline\\Pipeline->Illuminate\\Pipeline\\{closure}()
#45 /home/bjit/Desktop/training_works/laravel/day2/angkons-pizza-house/vendor/laravel/framework/src/Illuminate/Foundation/Http/Middleware/CheckForMaintenanceMode.php(62): Illuminate\\Routing\\Pipeline->Illuminate\\Routing\\{closure}()
#46 /home/bjit/Desktop/training_works/laravel/day2/angkons-pizza-house/vendor/laravel/framework/src/Illuminate/Pipeline/Pipeline.php(163): Illuminate\\Foundation\\Http\\Middleware\\CheckForMaintenanceMode->handle()
#47 /home/bjit/Desktop/training_works/laravel/day2/angkons-pizza-house/vendor/laravel/framework/src/Illuminate/Routing/Pipeline.php(53): Illuminate\\Pipeline\\Pipeline->Illuminate\\Pipeline\\{closure}()
#48 /home/bjit/Desktop/training_works/laravel/day2/angkons-pizza-house/vendor/fideloper/proxy/src/TrustProxies.php(57): Illuminate\\Routing\\Pipeline->Illuminate\\Routing\\{closure}()
#49 /home/bjit/Desktop/training_works/laravel/day2/angkons-pizza-house/vendor/laravel/framework/src/Illuminate/Pipeline/Pipeline.php(163): Fideloper\\Proxy\\TrustProxies->handle()
#50 /home/bjit/Desktop/training_works/laravel/day2/angkons-pizza-house/vendor/laravel/framework/src/Illuminate/Routing/Pipeline.php(53): Illuminate\\Pipeline\\Pipeline->Illuminate\\Pipeline\\{closure}()
#51 /home/bjit/Desktop/training_works/laravel/day2/angkons-pizza-house/vendor/laravel/framework/src/Illuminate/Pipeline/Pipeline.php(104): Illuminate\\Routing\\Pipeline->Illuminate\\Routing\\{closure}()
#52 /home/bjit/Desktop/training_works/laravel/day2/angkons-pizza-house/vendor/laravel/framework/src/Illuminate/Foundation/Http/Kernel.php(151): Illuminate\\Pipeline\\Pipeline->then()
#53 /home/bjit/Desktop/training_works/laravel/day2/angkons-pizza-house/vendor/laravel/framework/src/Illuminate/Foundation/Http/Kernel.php(116): Illuminate\\Foundation\\Http\\Kernel->sendRequestThroughRouter()
#54 /home/bjit/Desktop/training_works/laravel/day2/angkons-pizza-house/public/index.php(55): Illuminate\\Foundation\\Http\\Kernel->handle()
#55 /home/bjit/Desktop/training_works/laravel/day2/angkons-pizza-house/server.php(21): require_once('/home/bjit/Desk...')
#56 {main}
"} 
[2021-09-21 02:37:22] local.ERROR: SQLSTATE[HY000]: General error: 1364 Field 'price' doesn't have a default value (SQL: insert into `pizzas` (`name`, `type`, `base`, `updated_at`, `created_at`) values (asdf, margarita, thick, 2021-09-21 02:37:22, 2021-09-21 02:37:22)) {"exception":"[object] (Illuminate\\Database\\QueryException(code: HY000): SQLSTATE[HY000]: General error: 1364 Field 'price' doesn't have a default value (SQL: insert into `pizzas` (`name`, `type`, `base`, `updated_at`, `created_at`) values (asdf, margarita, thick, 2021-09-21 02:37:22, 2021-09-21 02:37:22)) at /home/bjit/Desktop/training_works/laravel/day2/angkons-pizza-house/vendor/laravel/framework/src/Illuminate/Database/Connection.php:664, PDOException(code: HY000): SQLSTATE[HY000]: General error: 1364 Field 'price' doesn't have a default value at /home/bjit/Desktop/training_works/laravel/day2/angkons-pizza-house/vendor/laravel/framework/src/Illuminate/Database/Connection.php:458)
[stacktrace]
#0 /home/bjit/Desktop/training_works/laravel/day2/angkons-pizza-house/vendor/laravel/framework/src/Illuminate/Database/Connection.php(624): Illuminate\\Database\\Connection->runQueryCallback()
#1 /home/bjit/Desktop/training_works/laravel/day2/angkons-pizza-house/vendor/laravel/framework/src/Illuminate/Database/Connection.php(459): Illuminate\\Database\\Connection->run()
#2 /home/bjit/Desktop/training_works/laravel/day2/angkons-pizza-house/vendor/laravel/framework/src/Illuminate/Database/Connection.php(411): Illuminate\\Database\\Connection->statement()
#3 /home/bjit/Desktop/training_works/laravel/day2/angkons-pizza-house/vendor/laravel/framework/src/Illuminate/Database/Query/Processors/Processor.php(32): Illuminate\\Database\\Connection->insert()
#4 /home/bjit/Desktop/training_works/laravel/day2/angkons-pizza-house/vendor/laravel/framework/src/Illuminate/Database/Query/Builder.php(2690): Illuminate\\Database\\Query\\Processors\\Processor->processInsertGetId()
#5 /home/bjit/Desktop/training_works/laravel/day2/angkons-pizza-house/vendor/laravel/framework/src/Illuminate/Database/Eloquent/Builder.php(1353): Illuminate\\Database\\Query\\Builder->insertGetId()
#6 /home/bjit/Desktop/training_works/laravel/day2/angkons-pizza-house/vendor/laravel/framework/src/Illuminate/Database/Eloquent/Model.php(839): Illuminate\\Database\\Eloquent\\Builder->__call()
#7 /home/bjit/Desktop/training_works/laravel/day2/angkons-pizza-house/vendor/laravel/framework/src/Illuminate/Database/Eloquent/Model.php(804): Illuminate\\Database\\Eloquent\\Model->insertAndSetId()
#8 /home/bjit/Desktop/training_works/laravel/day2/angkons-pizza-house/vendor/laravel/framework/src/Illuminate/Database/Eloquent/Model.php(667): Illuminate\\Database\\Eloquent\\Model->performInsert()
#9 /home/bjit/Desktop/training_works/laravel/day2/angkons-pizza-house/app/Http/Controllers/PizzaController.php(42): Illuminate\\Database\\Eloquent\\Model->save()
#10 [internal function]: App\\Http\\Controllers\\PizzaController->store()
#11 /home/bjit/Desktop/training_works/laravel/day2/angkons-pizza-house/vendor/laravel/framework/src/Illuminate/Routing/Controller.php(54): call_user_func_array()
#12 /home/bjit/Desktop/training_works/laravel/day2/angkons-pizza-house/vendor/laravel/framework/src/Illuminate/Routing/ControllerDispatcher.php(45): Illuminate\\Routing\\Controller->callAction()
#13 /home/bjit/Desktop/training_works/laravel/day2/angkons-pizza-house/vendor/laravel/framework/src/Illuminate/Routing/Route.php(219): Illuminate\\Routing\\ControllerDispatcher->dispatch()
#14 /home/bjit/Desktop/training_works/laravel/day2/angkons-pizza-house/vendor/laravel/framework/src/Illuminate/Routing/Route.php(176): Illuminate\\Routing\\Route->runController()
#15 /home/bjit/Desktop/training_works/laravel/day2/angkons-pizza-house/vendor/laravel/framework/src/Illuminate/Routing/Router.php(680): Illuminate\\Routing\\Route->run()
#16 /home/bjit/Desktop/training_works/laravel/day2/angkons-pizza-house/vendor/laravel/framework/src/Illuminate/Routing/Pipeline.php(30): Illuminate\\Routing\\Router->Illuminate\\Routing\\{closure}()
#17 /home/bjit/Desktop/training_works/laravel/day2/angkons-pizza-house/vendor/laravel/framework/src/Illuminate/Routing/Middleware/SubstituteBindings.php(41): Illuminate\\Routing\\Pipeline->Illuminate\\Routing\\{closure}()
#18 /home/bjit/Desktop/training_works/laravel/day2/angkons-pizza-house/vendor/laravel/framework/src/Illuminate/Pipeline/Pipeline.php(163): Illuminate\\Routing\\Middleware\\SubstituteBindings->handle()
#19 /home/bjit/Desktop/training_works/laravel/day2/angkons-pizza-house/vendor/laravel/framework/src/Illuminate/Routing/Pipeline.php(53): Illuminate\\Pipeline\\Pipeline->Illuminate\\Pipeline\\{closure}()
#20 /home/bjit/Desktop/training_works/laravel/day2/angkons-pizza-house/vendor/laravel/framework/src/Illuminate/Foundation/Http/Middleware/VerifyCsrfToken.php(75): Illuminate\\Routing\\Pipeline->Illuminate\\Routing\\{closure}()
#21 /home/bjit/Desktop/training_works/laravel/day2/angkons-pizza-house/vendor/laravel/framework/src/Illuminate/Pipeline/Pipeline.php(163): Illuminate\\Foundation\\Http\\Middleware\\VerifyCsrfToken->handle()
#22 /home/bjit/Desktop/training_works/laravel/day2/angkons-pizza-house/vendor/laravel/framework/src/Illuminate/Routing/Pipeline.php(53): Illuminate\\Pipeline\\Pipeline->Illuminate\\Pipeline\\{closure}()
#23 /home/bjit/Desktop/training_works/laravel/day2/angkons-pizza-house/vendor/laravel/framework/src/Illuminate/View/Middleware/ShareErrorsFromSession.php(49): Illuminate\\Routing\\Pipeline->Illuminate\\Routing\\{closure}()
#24 /home/bjit/Desktop/training_works/laravel/day2/angkons-pizza-house/vendor/laravel/framework/src/Illuminate/Pipeline/Pipeline.php(163): Illuminate\\View\\Middleware\\ShareErrorsFromSession->handle()
#25 /home/bjit/Desktop/training_works/laravel/day2/angkons-pizza-house/vendor/laravel/framework/src/Illuminate/Routing/Pipeline.php(53): Illuminate\\Pipeline\\Pipeline->Illuminate\\Pipeline\\{closure}()
#26 /home/bjit/Desktop/training_works/laravel/day2/angkons-pizza-house/vendor/laravel/framework/src/Illuminate/Session/Middleware/StartSession.php(56): Illuminate\\Routing\\Pipeline->Illuminate\\Routing\\{closure}()
#27 /home/bjit/Desktop/training_works/laravel/day2/angkons-pizza-house/vendor/laravel/framework/src/Illuminate/Pipeline/Pipeline.php(163): Illuminate\\Session\\Middleware\\StartSession->handle()
#28 /home/bjit/Desktop/training_works/laravel/day2/angkons-pizza-house/vendor/laravel/framework/src/Illuminate/Routing/Pipeline.php(53): Illuminate\\Pipeline\\Pipeline->Illuminate\\Pipeline\\{closure}()
#29 /home/bjit/Desktop/training_works/laravel/day2/angkons-pizza-house/vendor/laravel/framework/src/Illuminate/Cookie/Middleware/AddQueuedCookiesToResponse.php(37): Illuminate\\Routing\\Pipeline->Illuminate\\Routing\\{closure}()
#30 /home/bjit/Desktop/training_works/laravel/day2/angkons-pizza-house/vendor/laravel/framework/src/Illuminate/Pipeline/Pipeline.php(163): Illuminate\\Cookie\\Middleware\\AddQueuedCookiesToResponse->handle()
#31 /home/bjit/Desktop/training_works/laravel/day2/angkons-pizza-house/vendor/laravel/framework/src/Illuminate/Routing/Pipeline.php(53): Illuminate\\Pipeline\\Pipeline->Illuminate\\Pipeline\\{closure}()
#32 /home/bjit/Desktop/training_works/laravel/day2/angkons-pizza-house/vendor/laravel/framework/src/Illuminate/Cookie/Middleware/EncryptCookies.php(66): Illuminate\\Routing\\Pipeline->Illuminate\\Routing\\{closure}()
#33 /home/bjit/Desktop/training_works/laravel/day2/angkons-pizza-house/vendor/laravel/framework/src/Illuminate/Pipeline/Pipeline.php(163): Illuminate\\Cookie\\Middleware\\EncryptCookies->handle()
#34 /home/bjit/Desktop/training_works/laravel/day2/angkons-pizza-house/vendor/laravel/framework/src/Illuminate/Routing/Pipeline.php(53): Illuminate\\Pipeline\\Pipeline->Illuminate\\Pipeline\\{closure}()
#35 /home/bjit/Desktop/training_works/laravel/day2/angkons-pizza-house/vendor/laravel/framework/src/Illuminate/Pipeline/Pipeline.php(104): Illuminate\\Routing\\Pipeline->Illuminate\\Routing\\{closure}()
#36 /home/bjit/Desktop/training_works/laravel/day2/angkons-pizza-house/vendor/laravel/framework/src/Illuminate/Routing/Router.php(682): Illuminate\\Pipeline\\Pipeline->then()
#37 /home/bjit/Desktop/training_works/laravel/day2/angkons-pizza-house/vendor/laravel/framework/src/Illuminate/Routing/Router.php(657): Illuminate\\Routing\\Router->runRouteWithinStack()
#38 /home/bjit/Desktop/training_works/laravel/day2/angkons-pizza-house/vendor/laravel/framework/src/Illuminate/Routing/Router.php(623): Illuminate\\Routing\\Router->runRoute()
#39 /home/bjit/Desktop/training_works/laravel/day2/angkons-pizza-house/vendor/laravel/framework/src/Illuminate/Routing/Router.php(612): Illuminate\\Routing\\Router->dispatchToRoute()
#40 /home/bjit/Desktop/training_works/laravel/day2/angkons-pizza-house/vendor/laravel/framework/src/Illuminate/Foundation/Http/Kernel.php(176): Illuminate\\Routing\\Router->dispatch()
#41 /home/bjit/Desktop/training_works/laravel/day2/angkons-pizza-house/vendor/laravel/framework/src/Illuminate/Routing/Pipeline.php(30): Illuminate\\Foundation\\Http\\Kernel->Illuminate\\Foundation\\Http\\{closure}()
#42 /home/bjit/Desktop/training_works/laravel/day2/angkons-pizza-house/vendor/laravel/framework/src/Illuminate/Foundation/Http/Middleware/TransformsRequest.php(21): Illuminate\\Routing\\Pipeline->Illuminate\\Routing\\{closure}()
#43 /home/bjit/Desktop/training_works/laravel/day2/angkons-pizza-house/vendor/laravel/framework/src/Illuminate/Pipeline/Pipeline.php(163): Illuminate\\Foundation\\Http\\Middleware\\TransformsRequest->handle()
#44 /home/bjit/Desktop/training_works/laravel/day2/angkons-pizza-house/vendor/laravel/framework/src/Illuminate/Routing/Pipeline.php(53): Illuminate\\Pipeline\\Pipeline->Illuminate\\Pipeline\\{closure}()
#45 /home/bjit/Desktop/training_works/laravel/day2/angkons-pizza-house/vendor/laravel/framework/src/Illuminate/Foundation/Http/Middleware/TransformsRequest.php(21): Illuminate\\Routing\\Pipeline->Illuminate\\Routing\\{closure}()
#46 /home/bjit/Desktop/training_works/laravel/day2/angkons-pizza-house/vendor/laravel/framework/src/Illuminate/Pipeline/Pipeline.php(163): Illuminate\\Foundation\\Http\\Middleware\\TransformsRequest->handle()
#47 /home/bjit/Desktop/training_works/laravel/day2/angkons-pizza-house/vendor/laravel/framework/src/Illuminate/Routing/Pipeline.php(53): Illuminate\\Pipeline\\Pipeline->Illuminate\\Pipeline\\{closure}()
#48 /home/bjit/Desktop/training_works/laravel/day2/angkons-pizza-house/vendor/laravel/framework/src/Illuminate/Foundation/Http/Middleware/ValidatePostSize.php(27): Illuminate\\Routing\\Pipeline->Illuminate\\Routing\\{closure}()
#49 /home/bjit/Desktop/training_works/laravel/day2/angkons-pizza-house/vendor/laravel/framework/src/Illuminate/Pipeline/Pipeline.php(163): Illuminate\\Foundation\\Http\\Middleware\\ValidatePostSize->handle()
#50 /home/bjit/Desktop/training_works/laravel/day2/angkons-pizza-house/vendor/laravel/framework/src/Illuminate/Routing/Pipeline.php(53): Illuminate\\Pipeline\\Pipeline->Illuminate\\Pipeline\\{closure}()
#51 /home/bjit/Desktop/training_works/laravel/day2/angkons-pizza-house/vendor/laravel/framework/src/Illuminate/Foundation/Http/Middleware/CheckForMaintenanceMode.php(62): Illuminate\\Routing\\Pipeline->Illuminate\\Routing\\{closure}()
#52 /home/bjit/Desktop/training_works/laravel/day2/angkons-pizza-house/vendor/laravel/framework/src/Illuminate/Pipeline/Pipeline.php(163): Illuminate\\Foundation\\Http\\Middleware\\CheckForMaintenanceMode->handle()
#53 /home/bjit/Desktop/training_works/laravel/day2/angkons-pizza-house/vendor/laravel/framework/src/Illuminate/Routing/Pipeline.php(53): Illuminate\\Pipeline\\Pipeline->Illuminate\\Pipeline\\{closure}()
#54 /home/bjit/Desktop/training_works/laravel/day2/angkons-pizza-house/vendor/fideloper/proxy/src/TrustProxies.php(57): Illuminate\\Routing\\Pipeline->Illuminate\\Routing\\{closure}()
#55 /home/bjit/Desktop/training_works/laravel/day2/angkons-pizza-house/vendor/laravel/framework/src/Illuminate/Pipeline/Pipeline.php(163): Fideloper\\Proxy\\TrustProxies->handle()
#56 /home/bjit/Desktop/training_works/laravel/day2/angkons-pizza-house/vendor/laravel/framework/src/Illuminate/Routing/Pipeline.php(53): Illuminate\\Pipeline\\Pipeline->Illuminate\\Pipeline\\{closure}()
#57 /home/bjit/Desktop/training_works/laravel/day2/angkons-pizza-house/vendor/laravel/framework/src/Illuminate/Pipeline/Pipeline.php(104): Illuminate\\Routing\\Pipeline->Illuminate\\Routing\\{closure}()
#58 /home/bjit/Desktop/training_works/laravel/day2/angkons-pizza-house/vendor/laravel/framework/src/Illuminate/Foundation/Http/Kernel.php(151): Illuminate\\Pipeline\\Pipeline->then()
#59 /home/bjit/Desktop/training_works/laravel/day2/angkons-pizza-house/vendor/laravel/framework/src/Illuminate/Foundation/Http/Kernel.php(116): Illuminate\\Foundation\\Http\\Kernel->sendRequestThroughRouter()
#60 /home/bjit/Desktop/training_works/laravel/day2/angkons-pizza-house/public/index.php(55): Illuminate\\Foundation\\Http\\Kernel->handle()
#61 /home/bjit/Desktop/training_works/laravel/day2/angkons-pizza-house/server.php(21): require_once('/home/bjit/Desk...')
#62 {main}
"} 
[2021-09-21 02:37:56] local.ERROR: SQLSTATE[HY000]: General error: 1364 Field 'price' doesn't have a default value (SQL: insert into `pizzas` (`name`, `type`, `base`, `updated_at`, `created_at`) values (asdf, margarita, 10, 2021-09-21 02:37:56, 2021-09-21 02:37:56)) {"exception":"[object] (Illuminate\\Database\\QueryException(code: HY000): SQLSTATE[HY000]: General error: 1364 Field 'price' doesn't have a default value (SQL: insert into `pizzas` (`name`, `type`, `base`, `updated_at`, `created_at`) values (asdf, margarita, 10, 2021-09-21 02:37:56, 2021-09-21 02:37:56)) at /home/bjit/Desktop/training_works/laravel/day2/angkons-pizza-house/vendor/laravel/framework/src/Illuminate/Database/Connection.php:664, PDOException(code: HY000): SQLSTATE[HY000]: General error: 1364 Field 'price' doesn't have a default value at /home/bjit/Desktop/training_works/laravel/day2/angkons-pizza-house/vendor/laravel/framework/src/Illuminate/Database/Connection.php:458)
[stacktrace]
#0 /home/bjit/Desktop/training_works/laravel/day2/angkons-pizza-house/vendor/laravel/framework/src/Illuminate/Database/Connection.php(624): Illuminate\\Database\\Connection->runQueryCallback()
#1 /home/bjit/Desktop/training_works/laravel/day2/angkons-pizza-house/vendor/laravel/framework/src/Illuminate/Database/Connection.php(459): Illuminate\\Database\\Connection->run()
#2 /home/bjit/Desktop/training_works/laravel/day2/angkons-pizza-house/vendor/laravel/framework/src/Illuminate/Database/Connection.php(411): Illuminate\\Database\\Connection->statement()
#3 /home/bjit/Desktop/training_works/laravel/day2/angkons-pizza-house/vendor/laravel/framework/src/Illuminate/Database/Query/Processors/Processor.php(32): Illuminate\\Database\\Connection->insert()
#4 /home/bjit/Desktop/training_works/laravel/day2/angkons-pizza-house/vendor/laravel/framework/src/Illuminate/Database/Query/Builder.php(2690): Illuminate\\Database\\Query\\Processors\\Processor->processInsertGetId()
#5 /home/bjit/Desktop/training_works/laravel/day2/angkons-pizza-house/vendor/laravel/framework/src/Illuminate/Database/Eloquent/Builder.php(1353): Illuminate\\Database\\Query\\Builder->insertGetId()
#6 /home/bjit/Desktop/training_works/laravel/day2/angkons-pizza-house/vendor/laravel/framework/src/Illuminate/Database/Eloquent/Model.php(839): Illuminate\\Database\\Eloquent\\Builder->__call()
#7 /home/bjit/Desktop/training_works/laravel/day2/angkons-pizza-house/vendor/laravel/framework/src/Illuminate/Database/Eloquent/Model.php(804): Illuminate\\Database\\Eloquent\\Model->insertAndSetId()
#8 /home/bjit/Desktop/training_works/laravel/day2/angkons-pizza-house/vendor/laravel/framework/src/Illuminate/Database/Eloquent/Model.php(667): Illuminate\\Database\\Eloquent\\Model->performInsert()
#9 /home/bjit/Desktop/training_works/laravel/day2/angkons-pizza-house/app/Http/Controllers/PizzaController.php(43): Illuminate\\Database\\Eloquent\\Model->save()
#10 [internal function]: App\\Http\\Controllers\\PizzaController->store()
#11 /home/bjit/Desktop/training_works/laravel/day2/angkons-pizza-house/vendor/laravel/framework/src/Illuminate/Routing/Controller.php(54): call_user_func_array()
#12 /home/bjit/Desktop/training_works/laravel/day2/angkons-pizza-house/vendor/laravel/framework/src/Illuminate/Routing/ControllerDispatcher.php(45): Illuminate\\Routing\\Controller->callAction()
#13 /home/bjit/Desktop/training_works/laravel/day2/angkons-pizza-house/vendor/laravel/framework/src/Illuminate/Routing/Route.php(219): Illuminate\\Routing\\ControllerDispatcher->dispatch()
#14 /home/bjit/Desktop/training_works/laravel/day2/angkons-pizza-house/vendor/laravel/framework/src/Illuminate/Routing/Route.php(176): Illuminate\\Routing\\Route->runController()
#15 /home/bjit/Desktop/training_works/laravel/day2/angkons-pizza-house/vendor/laravel/framework/src/Illuminate/Routing/Router.php(680): Illuminate\\Routing\\Route->run()
#16 /home/bjit/Desktop/training_works/laravel/day2/angkons-pizza-house/vendor/laravel/framework/src/Illuminate/Routing/Pipeline.php(30): Illuminate\\Routing\\Router->Illuminate\\Routing\\{closure}()
#17 /home/bjit/Desktop/training_works/laravel/day2/angkons-pizza-house/vendor/laravel/framework/src/Illuminate/Routing/Middleware/SubstituteBindings.php(41): Illuminate\\Routing\\Pipeline->Illuminate\\Routing\\{closure}()
#18 /home/bjit/Desktop/training_works/laravel/day2/angkons-pizza-house/vendor/laravel/framework/src/Illuminate/Pipeline/Pipeline.php(163): Illuminate\\Routing\\Middleware\\SubstituteBindings->handle()
#19 /home/bjit/Desktop/training_works/laravel/day2/angkons-pizza-house/vendor/laravel/framework/src/Illuminate/Routing/Pipeline.php(53): Illuminate\\Pipeline\\Pipeline->Illuminate\\Pipeline\\{closure}()
#20 /home/bjit/Desktop/training_works/laravel/day2/angkons-pizza-house/vendor/laravel/framework/src/Illuminate/Foundation/Http/Middleware/VerifyCsrfToken.php(75): Illuminate\\Routing\\Pipeline->Illuminate\\Routing\\{closure}()
#21 /home/bjit/Desktop/training_works/laravel/day2/angkons-pizza-house/vendor/laravel/framework/src/Illuminate/Pipeline/Pipeline.php(163): Illuminate\\Foundation\\Http\\Middleware\\VerifyCsrfToken->handle()
#22 /home/bjit/Desktop/training_works/laravel/day2/angkons-pizza-house/vendor/laravel/framework/src/Illuminate/Routing/Pipeline.php(53): Illuminate\\Pipeline\\Pipeline->Illuminate\\Pipeline\\{closure}()
#23 /home/bjit/Desktop/training_works/laravel/day2/angkons-pizza-house/vendor/laravel/framework/src/Illuminate/View/Middleware/ShareErrorsFromSession.php(49): Illuminate\\Routing\\Pipeline->Illuminate\\Routing\\{closure}()
#24 /home/bjit/Desktop/training_works/laravel/day2/angkons-pizza-house/vendor/laravel/framework/src/Illuminate/Pipeline/Pipeline.php(163): Illuminate\\View\\Middleware\\ShareErrorsFromSession->handle()
#25 /home/bjit/Desktop/training_works/laravel/day2/angkons-pizza-house/vendor/laravel/framework/src/Illuminate/Routing/Pipeline.php(53): Illuminate\\Pipeline\\Pipeline->Illuminate\\Pipeline\\{closure}()
#26 /home/bjit/Desktop/training_works/laravel/day2/angkons-pizza-house/vendor/laravel/framework/src/Illuminate/Session/Middleware/StartSession.php(56): Illuminate\\Routing\\Pipeline->Illuminate\\Routing\\{closure}()
#27 /home/bjit/Desktop/training_works/laravel/day2/angkons-pizza-house/vendor/laravel/framework/src/Illuminate/Pipeline/Pipeline.php(163): Illuminate\\Session\\Middleware\\StartSession->handle()
#28 /home/bjit/Desktop/training_works/laravel/day2/angkons-pizza-house/vendor/laravel/framework/src/Illuminate/Routing/Pipeline.php(53): Illuminate\\Pipeline\\Pipeline->Illuminate\\Pipeline\\{closure}()
#29 /home/bjit/Desktop/training_works/laravel/day2/angkons-pizza-house/vendor/laravel/framework/src/Illuminate/Cookie/Middleware/AddQueuedCookiesToResponse.php(37): Illuminate\\Routing\\Pipeline->Illuminate\\Routing\\{closure}()
#30 /home/bjit/Desktop/training_works/laravel/day2/angkons-pizza-house/vendor/laravel/framework/src/Illuminate/Pipeline/Pipeline.php(163): Illuminate\\Cookie\\Middleware\\AddQueuedCookiesToResponse->handle()
#31 /home/bjit/Desktop/training_works/laravel/day2/angkons-pizza-house/vendor/laravel/framework/src/Illuminate/Routing/Pipeline.php(53): Illuminate\\Pipeline\\Pipeline->Illuminate\\Pipeline\\{closure}()
#32 /home/bjit/Desktop/training_works/laravel/day2/angkons-pizza-house/vendor/laravel/framework/src/Illuminate/Cookie/Middleware/EncryptCookies.php(66): Illuminate\\Routing\\Pipeline->Illuminate\\Routing\\{closure}()
#33 /home/bjit/Desktop/training_works/laravel/day2/angkons-pizza-house/vendor/laravel/framework/src/Illuminate/Pipeline/Pipeline.php(163): Illuminate\\Cookie\\Middleware\\EncryptCookies->handle()
#34 /home/bjit/Desktop/training_works/laravel/day2/angkons-pizza-house/vendor/laravel/framework/src/Illuminate/Routing/Pipeline.php(53): Illuminate\\Pipeline\\Pipeline->Illuminate\\Pipeline\\{closure}()
#35 /home/bjit/Desktop/training_works/laravel/day2/angkons-pizza-house/vendor/laravel/framework/src/Illuminate/Pipeline/Pipeline.php(104): Illuminate\\Routing\\Pipeline->Illuminate\\Routing\\{closure}()
#36 /home/bjit/Desktop/training_works/laravel/day2/angkons-pizza-house/vendor/laravel/framework/src/Illuminate/Routing/Router.php(682): Illuminate\\Pipeline\\Pipeline->then()
#37 /home/bjit/Desktop/training_works/laravel/day2/angkons-pizza-house/vendor/laravel/framework/src/Illuminate/Routing/Router.php(657): Illuminate\\Routing\\Router->runRouteWithinStack()
#38 /home/bjit/Desktop/training_works/laravel/day2/angkons-pizza-house/vendor/laravel/framework/src/Illuminate/Routing/Router.php(623): Illuminate\\Routing\\Router->runRoute()
#39 /home/bjit/Desktop/training_works/laravel/day2/angkons-pizza-house/vendor/laravel/framework/src/Illuminate/Routing/Router.php(612): Illuminate\\Routing\\Router->dispatchToRoute()
#40 /home/bjit/Desktop/training_works/laravel/day2/angkons-pizza-house/vendor/laravel/framework/src/Illuminate/Foundation/Http/Kernel.php(176): Illuminate\\Routing\\Router->dispatch()
#41 /home/bjit/Desktop/training_works/laravel/day2/angkons-pizza-house/vendor/laravel/framework/src/Illuminate/Routing/Pipeline.php(30): Illuminate\\Foundation\\Http\\Kernel->Illuminate\\Foundation\\Http\\{closure}()
#42 /home/bjit/Desktop/training_works/laravel/day2/angkons-pizza-house/vendor/laravel/framework/src/Illuminate/Foundation/Http/Middleware/TransformsRequest.php(21): Illuminate\\Routing\\Pipeline->Illuminate\\Routing\\{closure}()
#43 /home/bjit/Desktop/training_works/laravel/day2/angkons-pizza-house/vendor/laravel/framework/src/Illuminate/Pipeline/Pipeline.php(163): Illuminate\\Foundation\\Http\\Middleware\\TransformsRequest->handle()
#44 /home/bjit/Desktop/training_works/laravel/day2/angkons-pizza-house/vendor/laravel/framework/src/Illuminate/Routing/Pipeline.php(53): Illuminate\\Pipeline\\Pipeline->Illuminate\\Pipeline\\{closure}()
#45 /home/bjit/Desktop/training_works/laravel/day2/angkons-pizza-house/vendor/laravel/framework/src/Illuminate/Foundation/Http/Middleware/TransformsRequest.php(21): Illuminate\\Routing\\Pipeline->Illuminate\\Routing\\{closure}()
#46 /home/bjit/Desktop/training_works/laravel/day2/angkons-pizza-house/vendor/laravel/framework/src/Illuminate/Pipeline/Pipeline.php(163): Illuminate\\Foundation\\Http\\Middleware\\TransformsRequest->handle()
#47 /home/bjit/Desktop/training_works/laravel/day2/angkons-pizza-house/vendor/laravel/framework/src/Illuminate/Routing/Pipeline.php(53): Illuminate\\Pipeline\\Pipeline->Illuminate\\Pipeline\\{closure}()
#48 /home/bjit/Desktop/training_works/laravel/day2/angkons-pizza-house/vendor/laravel/framework/src/Illuminate/Foundation/Http/Middleware/ValidatePostSize.php(27): Illuminate\\Routing\\Pipeline->Illuminate\\Routing\\{closure}()
#49 /home/bjit/Desktop/training_works/laravel/day2/angkons-pizza-house/vendor/laravel/framework/src/Illuminate/Pipeline/Pipeline.php(163): Illuminate\\Foundation\\Http\\Middleware\\ValidatePostSize->handle()
#50 /home/bjit/Desktop/training_works/laravel/day2/angkons-pizza-house/vendor/laravel/framework/src/Illuminate/Routing/Pipeline.php(53): Illuminate\\Pipeline\\Pipeline->Illuminate\\Pipeline\\{closure}()
#51 /home/bjit/Desktop/training_works/laravel/day2/angkons-pizza-house/vendor/laravel/framework/src/Illuminate/Foundation/Http/Middleware/CheckForMaintenanceMode.php(62): Illuminate\\Routing\\Pipeline->Illuminate\\Routing\\{closure}()
#52 /home/bjit/Desktop/training_works/laravel/day2/angkons-pizza-house/vendor/laravel/framework/src/Illuminate/Pipeline/Pipeline.php(163): Illuminate\\Foundation\\Http\\Middleware\\CheckForMaintenanceMode->handle()
#53 /home/bjit/Desktop/training_works/laravel/day2/angkons-pizza-house/vendor/laravel/framework/src/Illuminate/Routing/Pipeline.php(53): Illuminate\\Pipeline\\Pipeline->Illuminate\\Pipeline\\{closure}()
#54 /home/bjit/Desktop/training_works/laravel/day2/angkons-pizza-house/vendor/fideloper/proxy/src/TrustProxies.php(57): Illuminate\\Routing\\Pipeline->Illuminate\\Routing\\{closure}()
#55 /home/bjit/Desktop/training_works/laravel/day2/angkons-pizza-house/vendor/laravel/framework/src/Illuminate/Pipeline/Pipeline.php(163): Fideloper\\Proxy\\TrustProxies->handle()
#56 /home/bjit/Desktop/training_works/laravel/day2/angkons-pizza-house/vendor/laravel/framework/src/Illuminate/Routing/Pipeline.php(53): Illuminate\\Pipeline\\Pipeline->Illuminate\\Pipeline\\{closure}()
#57 /home/bjit/Desktop/training_works/laravel/day2/angkons-pizza-house/vendor/laravel/framework/src/Illuminate/Pipeline/Pipeline.php(104): Illuminate\\Routing\\Pipeline->Illuminate\\Routing\\{closure}()
#58 /home/bjit/Desktop/training_works/laravel/day2/angkons-pizza-house/vendor/laravel/framework/src/Illuminate/Foundation/Http/Kernel.php(151): Illuminate\\Pipeline\\Pipeline->then()
#59 /home/bjit/Desktop/training_works/laravel/day2/angkons-pizza-house/vendor/laravel/framework/src/Illuminate/Foundation/Http/Kernel.php(116): Illuminate\\Foundation\\Http\\Kernel->sendRequestThroughRouter()
#60 /home/bjit/Desktop/training_works/laravel/day2/angkons-pizza-house/public/index.php(55): Illuminate\\Foundation\\Http\\Kernel->handle()
#61 /home/bjit/Desktop/training_works/laravel/day2/angkons-pizza-house/server.php(21): require_once('/home/bjit/Desk...')
#62 {main}
"} 
