[2021-11-10 15:00:08] local.ERROR: SQLSTATE[HY000] [2002] Connection refused (SQL: select * from `users` where `email` = a@gmail.com limit 1) {"exception":"[object] (Illuminate\\Database\\QueryException(code: 2002): SQLSTATE[HY000] [2002] Connection refused (SQL: select * from `users` where `email` = a@gmail.com limit 1) at /home/bjit/Desktop/training_works/laravel/day2/angkons-pizza-house/vendor/laravel/framework/src/Illuminate/Database/Connection.php:664, PDOException(code: 2002): SQLSTATE[HY000] [2002] Connection refused at /home/bjit/Desktop/training_works/laravel/day2/angkons-pizza-house/vendor/laravel/framework/src/Illuminate/Database/Connectors/Connector.php:70)
[stacktrace]
#0 /home/bjit/Desktop/training_works/laravel/day2/angkons-pizza-house/vendor/laravel/framework/src/Illuminate/Database/Connection.php(624): Illuminate\\Database\\Connection->runQueryCallback()
#1 /home/bjit/Desktop/training_works/laravel/day2/angkons-pizza-house/vendor/laravel/framework/src/Illuminate/Database/Connection.php(333): Illuminate\\Database\\Connection->run()
#2 /home/bjit/Desktop/training_works/laravel/day2/angkons-pizza-house/vendor/laravel/framework/src/Illuminate/Database/Query/Builder.php(2130): Illuminate\\Database\\Connection->select()
#3 /home/bjit/Desktop/training_works/laravel/day2/angkons-pizza-house/vendor/laravel/framework/src/Illuminate/Database/Query/Builder.php(2118): Illuminate\\Database\\Query\\Builder->runSelect()
#4 /home/bjit/Desktop/training_works/laravel/day2/angkons-pizza-house/vendor/laravel/framework/src/Illuminate/Database/Query/Builder.php(2604): Illuminate\\Database\\Query\\Builder->Illuminate\\Database\\Query\\{closure}()
#5 /home/bjit/Desktop/training_works/laravel/day2/angkons-pizza-house/vendor/laravel/framework/src/Illuminate/Database/Query/Builder.php(2119): Illuminate\\Database\\Query\\Builder->onceWithColumns()
#6 /home/bjit/Desktop/training_works/laravel/day2/angkons-pizza-house/vendor/laravel/framework/src/Illuminate/Database/Eloquent/Builder.php(521): Illuminate\\Database\\Query\\Builder->get()
#7 /home/bjit/Desktop/training_works/laravel/day2/angkons-pizza-house/vendor/laravel/framework/src/Illuminate/Database/Eloquent/Builder.php(505): Illuminate\\Database\\Eloquent\\Builder->getModels()
#8 /home/bjit/Desktop/training_works/laravel/day2/angkons-pizza-house/vendor/laravel/framework/src/Illuminate/Database/Concerns/BuildsQueries.php(77): Illuminate\\Database\\Eloquent\\Builder->get()
#9 /home/bjit/Desktop/training_works/laravel/day2/angkons-pizza-house/vendor/laravel/framework/src/Illuminate/Auth/EloquentUserProvider.php(131): Illuminate\\Database\\Eloquent\\Builder->first()
#10 /home/bjit/Desktop/training_works/laravel/day2/angkons-pizza-house/vendor/laravel/framework/src/Illuminate/Auth/SessionGuard.php(349): Illuminate\\Auth\\EloquentUserProvider->retrieveByCredentials()
#11 /home/bjit/Desktop/training_works/laravel/day2/angkons-pizza-house/vendor/laravel/framework/src/Illuminate/Foundation/Auth/AuthenticatesUsers.php(82): Illuminate\\Auth\\SessionGuard->attempt()
#12 /home/bjit/Desktop/training_works/laravel/day2/angkons-pizza-house/vendor/laravel/framework/src/Illuminate/Foundation/Auth/AuthenticatesUsers.php(45): App\\Http\\Controllers\\Auth\\LoginController->attemptLogin()
#13 [internal function]: App\\Http\\Controllers\\Auth\\LoginController->login()
#14 /home/bjit/Desktop/training_works/laravel/day2/angkons-pizza-house/vendor/laravel/framework/src/Illuminate/Routing/Controller.php(54): call_user_func_array()
#15 /home/bjit/Desktop/training_works/laravel/day2/angkons-pizza-house/vendor/laravel/framework/src/Illuminate/Routing/ControllerDispatcher.php(45): Illuminate\\Routing\\Controller->callAction()
#16 /home/bjit/Desktop/training_works/laravel/day2/angkons-pizza-house/vendor/laravel/framework/src/Illuminate/Routing/Route.php(219): Illuminate\\Routing\\ControllerDispatcher->dispatch()
#17 /home/bjit/Desktop/training_works/laravel/day2/angkons-pizza-house/vendor/laravel/framework/src/Illuminate/Routing/Route.php(176): Illuminate\\Routing\\Route->runController()
#18 /home/bjit/Desktop/training_works/laravel/day2/angkons-pizza-house/vendor/laravel/framework/src/Illuminate/Routing/Router.php(680): Illuminate\\Routing\\Route->run()
#19 /home/bjit/Desktop/training_works/laravel/day2/angkons-pizza-house/vendor/laravel/framework/src/Illuminate/Routing/Pipeline.php(30): Illuminate\\Routing\\Router->Illuminate\\Routing\\{closure}()
#20 /home/bjit/Desktop/training_works/laravel/day2/angkons-pizza-house/app/Http/Middleware/RedirectIfAuthenticated.php(24): Illuminate\\Routing\\Pipeline->Illuminate\\Routing\\{closure}()
#21 /home/bjit/Desktop/training_works/laravel/day2/angkons-pizza-house/vendor/laravel/framework/src/Illuminate/Pipeline/Pipeline.php(163): App\\Http\\Middleware\\RedirectIfAuthenticated->handle()
#22 /home/bjit/Desktop/training_works/laravel/day2/angkons-pizza-house/vendor/laravel/framework/src/Illuminate/Routing/Pipeline.php(53): Illuminate\\Pipeline\\Pipeline->Illuminate\\Pipeline\\{closure}()
#23 /home/bjit/Desktop/training_works/laravel/day2/angkons-pizza-house/vendor/laravel/framework/src/Illuminate/Routing/Middleware/SubstituteBindings.php(41): Illuminate\\Routing\\Pipeline->Illuminate\\Routing\\{closure}()
#24 /home/bjit/Desktop/training_works/laravel/day2/angkons-pizza-house/vendor/laravel/framework/src/Illuminate/Pipeline/Pipeline.php(163): Illuminate\\Routing\\Middleware\\SubstituteBindings->handle()
#25 /home/bjit/Desktop/training_works/laravel/day2/angkons-pizza-house/vendor/laravel/framework/src/Illuminate/Routing/Pipeline.php(53): Illuminate\\Pipeline\\Pipeline->Illuminate\\Pipeline\\{closure}()
#26 /home/bjit/Desktop/training_works/laravel/day2/angkons-pizza-house/vendor/laravel/framework/src/Illuminate/Foundation/Http/Middleware/VerifyCsrfToken.php(75): Illuminate\\Routing\\Pipeline->Illuminate\\Routing\\{closure}()
#27 /home/bjit/Desktop/training_works/laravel/day2/angkons-pizza-house/vendor/laravel/framework/src/Illuminate/Pipeline/Pipeline.php(163): Illuminate\\Foundation\\Http\\Middleware\\VerifyCsrfToken->handle()
#28 /home/bjit/Desktop/training_works/laravel/day2/angkons-pizza-house/vendor/laravel/framework/src/Illuminate/Routing/Pipeline.php(53): Illuminate\\Pipeline\\Pipeline->Illuminate\\Pipeline\\{closure}()
#29 /home/bjit/Desktop/training_works/laravel/day2/angkons-pizza-house/vendor/laravel/framework/src/Illuminate/View/Middleware/ShareErrorsFromSession.php(49): Illuminate\\Routing\\Pipeline->Illuminate\\Routing\\{closure}()
#30 /home/bjit/Desktop/training_works/laravel/day2/angkons-pizza-house/vendor/laravel/framework/src/Illuminate/Pipeline/Pipeline.php(163): Illuminate\\View\\Middleware\\ShareErrorsFromSession->handle()
#31 /home/bjit/Desktop/training_works/laravel/day2/angkons-pizza-house/vendor/laravel/framework/src/Illuminate/Routing/Pipeline.php(53): Illuminate\\Pipeline\\Pipeline->Illuminate\\Pipeline\\{closure}()
#32 /home/bjit/Desktop/training_works/laravel/day2/angkons-pizza-house/vendor/laravel/framework/src/Illuminate/Session/Middleware/StartSession.php(56): Illuminate\\Routing\\Pipeline->Illuminate\\Routing\\{closure}()
#33 /home/bjit/Desktop/training_works/laravel/day2/angkons-pizza-house/vendor/laravel/framework/src/Illuminate/Pipeline/Pipeline.php(163): Illuminate\\Session\\Middleware\\StartSession->handle()
#34 /home/bjit/Desktop/training_works/laravel/day2/angkons-pizza-house/vendor/laravel/framework/src/Illuminate/Routing/Pipeline.php(53): Illuminate\\Pipeline\\Pipeline->Illuminate\\Pipeline\\{closure}()
#35 /home/bjit/Desktop/training_works/laravel/day2/angkons-pizza-house/vendor/laravel/framework/src/Illuminate/Cookie/Middleware/AddQueuedCookiesToResponse.php(37): Illuminate\\Routing\\Pipeline->Illuminate\\Routing\\{closure}()
#36 /home/bjit/Desktop/training_works/laravel/day2/angkons-pizza-house/vendor/laravel/framework/src/Illuminate/Pipeline/Pipeline.php(163): Illuminate\\Cookie\\Middleware\\AddQueuedCookiesToResponse->handle()
#37 /home/bjit/Desktop/training_works/laravel/day2/angkons-pizza-house/vendor/laravel/framework/src/Illuminate/Routing/Pipeline.php(53): Illuminate\\Pipeline\\Pipeline->Illuminate\\Pipeline\\{closure}()
#38 /home/bjit/Desktop/training_works/laravel/day2/angkons-pizza-house/vendor/laravel/framework/src/Illuminate/Cookie/Middleware/EncryptCookies.php(66): Illuminate\\Routing\\Pipeline->Illuminate\\Routing\\{closure}()
#39 /home/bjit/Desktop/training_works/laravel/day2/angkons-pizza-house/vendor/laravel/framework/src/Illuminate/Pipeline/Pipeline.php(163): Illuminate\\Cookie\\Middleware\\EncryptCookies->handle()
#40 /home/bjit/Desktop/training_works/laravel/day2/angkons-pizza-house/vendor/laravel/framework/src/Illuminate/Routing/Pipeline.php(53): Illuminate\\Pipeline\\Pipeline->Illuminate\\Pipeline\\{closure}()
#41 /home/bjit/Desktop/training_works/laravel/day2/angkons-pizza-house/vendor/laravel/framework/src/Illuminate/Pipeline/Pipeline.php(104): Illuminate\\Routing\\Pipeline->Illuminate\\Routing\\{closure}()
#42 /home/bjit/Desktop/training_works/laravel/day2/angkons-pizza-house/vendor/laravel/framework/src/Illuminate/Routing/Router.php(682): Illuminate\\Pipeline\\Pipeline->then()
#43 /home/bjit/Desktop/training_works/laravel/day2/angkons-pizza-house/vendor/laravel/framework/src/Illuminate/Routing/Router.php(657): Illuminate\\Routing\\Router->runRouteWithinStack()
#44 /home/bjit/Desktop/training_works/laravel/day2/angkons-pizza-house/vendor/laravel/framework/src/Illuminate/Routing/Router.php(623): Illuminate\\Routing\\Router->runRoute()
#45 /home/bjit/Desktop/training_works/laravel/day2/angkons-pizza-house/vendor/laravel/framework/src/Illuminate/Routing/Router.php(612): Illuminate\\Routing\\Router->dispatchToRoute()
#46 /home/bjit/Desktop/training_works/laravel/day2/angkons-pizza-house/vendor/laravel/framework/src/Illuminate/Foundation/Http/Kernel.php(176): Illuminate\\Routing\\Router->dispatch()
#47 /home/bjit/Desktop/training_works/laravel/day2/angkons-pizza-house/vendor/laravel/framework/src/Illuminate/Routing/Pipeline.php(30): Illuminate\\Foundation\\Http\\Kernel->Illuminate\\Foundation\\Http\\{closure}()
#48 /home/bjit/Desktop/training_works/laravel/day2/angkons-pizza-house/vendor/laravel/framework/src/Illuminate/Foundation/Http/Middleware/TransformsRequest.php(21): Illuminate\\Routing\\Pipeline->Illuminate\\Routing\\{closure}()
#49 /home/bjit/Desktop/training_works/laravel/day2/angkons-pizza-house/vendor/laravel/framework/src/Illuminate/Pipeline/Pipeline.php(163): Illuminate\\Foundation\\Http\\Middleware\\TransformsRequest->handle()
#50 /home/bjit/Desktop/training_works/laravel/day2/angkons-pizza-house/vendor/laravel/framework/src/Illuminate/Routing/Pipeline.php(53): Illuminate\\Pipeline\\Pipeline->Illuminate\\Pipeline\\{closure}()
#51 /home/bjit/Desktop/training_works/laravel/day2/angkons-pizza-house/vendor/laravel/framework/src/Illuminate/Foundation/Http/Middleware/TransformsRequest.php(21): Illuminate\\Routing\\Pipeline->Illuminate\\Routing\\{closure}()
#52 /home/bjit/Desktop/training_works/laravel/day2/angkons-pizza-house/vendor/laravel/framework/src/Illuminate/Pipeline/Pipeline.php(163): Illuminate\\Foundation\\Http\\Middleware\\TransformsRequest->handle()
#53 /home/bjit/Desktop/training_works/laravel/day2/angkons-pizza-house/vendor/laravel/framework/src/Illuminate/Routing/Pipeline.php(53): Illuminate\\Pipeline\\Pipeline->Illuminate\\Pipeline\\{closure}()
#54 /home/bjit/Desktop/training_works/laravel/day2/angkons-pizza-house/vendor/laravel/framework/src/Illuminate/Foundation/Http/Middleware/ValidatePostSize.php(27): Illuminate\\Routing\\Pipeline->Illuminate\\Routing\\{closure}()
#55 /home/bjit/Desktop/training_works/laravel/day2/angkons-pizza-house/vendor/laravel/framework/src/Illuminate/Pipeline/Pipeline.php(163): Illuminate\\Foundation\\Http\\Middleware\\ValidatePostSize->handle()
#56 /home/bjit/Desktop/training_works/laravel/day2/angkons-pizza-house/vendor/laravel/framework/src/Illuminate/Routing/Pipeline.php(53): Illuminate\\Pipeline\\Pipeline->Illuminate\\Pipeline\\{closure}()
#57 /home/bjit/Desktop/training_works/laravel/day2/angkons-pizza-house/vendor/laravel/framework/src/Illuminate/Foundation/Http/Middleware/CheckForMaintenanceMode.php(62): Illuminate\\Routing\\Pipeline->Illuminate\\Routing\\{closure}()
#58 /home/bjit/Desktop/training_works/laravel/day2/angkons-pizza-house/vendor/laravel/framework/src/Illuminate/Pipeline/Pipeline.php(163): Illuminate\\Foundation\\Http\\Middleware\\CheckForMaintenanceMode->handle()
#59 /home/bjit/Desktop/training_works/laravel/day2/angkons-pizza-house/vendor/laravel/framework/src/Illuminate/Routing/Pipeline.php(53): Illuminate\\Pipeline\\Pipeline->Illuminate\\Pipeline\\{closure}()
#60 /home/bjit/Desktop/training_works/laravel/day2/angkons-pizza-house/vendor/fideloper/proxy/src/TrustProxies.php(57): Illuminate\\Routing\\Pipeline->Illuminate\\Routing\\{closure}()
#61 /home/bjit/Desktop/training_works/laravel/day2/angkons-pizza-house/vendor/laravel/framework/src/Illuminate/Pipeline/Pipeline.php(163): Fideloper\\Proxy\\TrustProxies->handle()
#62 /home/bjit/Desktop/training_works/laravel/day2/angkons-pizza-house/vendor/laravel/framework/src/Illuminate/Routing/Pipeline.php(53): Illuminate\\Pipeline\\Pipeline->Illuminate\\Pipeline\\{closure}()
#63 /home/bjit/Desktop/training_works/laravel/day2/angkons-pizza-house/vendor/laravel/framework/src/Illuminate/Pipeline/Pipeline.php(104): Illuminate\\Routing\\Pipeline->Illuminate\\Routing\\{closure}()
#64 /home/bjit/Desktop/training_works/laravel/day2/angkons-pizza-house/vendor/laravel/framework/src/Illuminate/Foundation/Http/Kernel.php(151): Illuminate\\Pipeline\\Pipeline->then()
#65 /home/bjit/Desktop/training_works/laravel/day2/angkons-pizza-house/vendor/laravel/framework/src/Illuminate/Foundation/Http/Kernel.php(116): Illuminate\\Foundation\\Http\\Kernel->sendRequestThroughRouter()
#66 /home/bjit/Desktop/training_works/laravel/day2/angkons-pizza-house/public/index.php(55): Illuminate\\Foundation\\Http\\Kernel->handle()
#67 /home/bjit/Desktop/training_works/laravel/day2/angkons-pizza-house/server.php(21): require_once('/home/bjit/Desk...')
#68 {main}
"} 
