[2021-09-20 18:47:27] local.ERROR: Use of undefined constant base - assumed 'base' (this will throw an Error in a future version of PHP) (View: /home/bjit/Desktop/training_works/laravel/day2/angkons-pizza-house/resources/views/pizzas.blade.php) {"exception":"[object] (ErrorException(code: 0): Use of undefined constant base - assumed 'base' (this will throw an Error in a future version of PHP) (View: /home/bjit/Desktop/training_works/laravel/day2/angkons-pizza-house/resources/views/pizzas.blade.php) at /home/bjit/Desktop/training_works/laravel/day2/angkons-pizza-house/storage/framework/views/9f717d91b4fe33fb9ceacb261e44ac37f12dfb2d.php:74, ErrorException(code: 0): Use of undefined constant base - assumed 'base' (this will throw an Error in a future version of PHP) at /home/bjit/Desktop/training_works/laravel/day2/angkons-pizza-house/storage/framework/views/9f717d91b4fe33fb9ceacb261e44ac37f12dfb2d.php:74)
[stacktrace]
#0 /home/bjit/Desktop/training_works/laravel/day2/angkons-pizza-house/vendor/laravel/framework/src/Illuminate/View/Engines/PhpEngine.php(45): Illuminate\\View\\Engines\\CompilerEngine->handleViewException()
#1 /home/bjit/Desktop/training_works/laravel/day2/angkons-pizza-house/vendor/laravel/framework/src/Illuminate/View/Engines/CompilerEngine.php(59): Illuminate\\View\\Engines\\PhpEngine->evaluatePath()
#2 /home/bjit/Desktop/training_works/laravel/day2/angkons-pizza-house/vendor/laravel/framework/src/Illuminate/View/View.php(142): Illuminate\\View\\Engines\\CompilerEngine->get()
#3 /home/bjit/Desktop/training_works/laravel/day2/angkons-pizza-house/vendor/laravel/framework/src/Illuminate/View/View.php(125): Illuminate\\View\\View->getContents()
#4 /home/bjit/Desktop/training_works/laravel/day2/angkons-pizza-house/vendor/laravel/framework/src/Illuminate/View/View.php(90): Illuminate\\View\\View->renderContents()
#5 /home/bjit/Desktop/training_works/laravel/day2/angkons-pizza-house/vendor/laravel/framework/src/Illuminate/Http/Response.php(42): Illuminate\\View\\View->render()
#6 /home/bjit/Desktop/training_works/laravel/day2/angkons-pizza-house/vendor/symfony/http-foundation/Response.php(205): Illuminate\\Http\\Response->setContent()
#7 /home/bjit/Desktop/training_works/laravel/day2/angkons-pizza-house/vendor/laravel/framework/src/Illuminate/Routing/Router.php(748): Symfony\\Component\\HttpFoundation\\Response->__construct()
#8 /home/bjit/Desktop/training_works/laravel/day2/angkons-pizza-house/vendor/laravel/framework/src/Illuminate/Routing/Router.php(720): Illuminate\\Routing\\Router::toResponse()
#9 /home/bjit/Desktop/training_works/laravel/day2/angkons-pizza-house/vendor/laravel/framework/src/Illuminate/Routing/Router.php(680): Illuminate\\Routing\\Router->prepareResponse()
#10 /home/bjit/Desktop/training_works/laravel/day2/angkons-pizza-house/vendor/laravel/framework/src/Illuminate/Routing/Pipeline.php(30): Illuminate\\Routing\\Router->Illuminate\\Routing\\{closure}()
#11 /home/bjit/Desktop/training_works/laravel/day2/angkons-pizza-house/vendor/laravel/framework/src/Illuminate/Routing/Middleware/SubstituteBindings.php(41): Illuminate\\Routing\\Pipeline->Illuminate\\Routing\\{closure}()
#12 /home/bjit/Desktop/training_works/laravel/day2/angkons-pizza-house/vendor/laravel/framework/src/Illuminate/Pipeline/Pipeline.php(163): Illuminate\\Routing\\Middleware\\SubstituteBindings->handle()
#13 /home/bjit/Desktop/training_works/laravel/day2/angkons-pizza-house/vendor/laravel/framework/src/Illuminate/Routing/Pipeline.php(53): Illuminate\\Pipeline\\Pipeline->Illuminate\\Pipeline\\{closure}()
#14 /home/bjit/Desktop/training_works/laravel/day2/angkons-pizza-house/vendor/laravel/framework/src/Illuminate/Foundation/Http/Middleware/VerifyCsrfToken.php(75): Illuminate\\Routing\\Pipeline->Illuminate\\Routing\\{closure}()
#15 /home/bjit/Desktop/training_works/laravel/day2/angkons-pizza-house/vendor/laravel/framework/src/Illuminate/Pipeline/Pipeline.php(163): Illuminate\\Foundation\\Http\\Middleware\\VerifyCsrfToken->handle()
#16 /home/bjit/Desktop/training_works/laravel/day2/angkons-pizza-house/vendor/laravel/framework/src/Illuminate/Routing/Pipeline.php(53): Illuminate\\Pipeline\\Pipeline->Illuminate\\Pipeline\\{closure}()
#17 /home/bjit/Desktop/training_works/laravel/day2/angkons-pizza-house/vendor/laravel/framework/src/Illuminate/View/Middleware/ShareErrorsFromSession.php(49): Illuminate\\Routing\\Pipeline->Illuminate\\Routing\\{closure}()
#18 /home/bjit/Desktop/training_works/laravel/day2/angkons-pizza-house/vendor/laravel/framework/src/Illuminate/Pipeline/Pipeline.php(163): Illuminate\\View\\Middleware\\ShareErrorsFromSession->handle()
#19 /home/bjit/Desktop/training_works/laravel/day2/angkons-pizza-house/vendor/laravel/framework/src/Illuminate/Routing/Pipeline.php(53): Illuminate\\Pipeline\\Pipeline->Illuminate\\Pipeline\\{closure}()
#20 /home/bjit/Desktop/training_works/laravel/day2/angkons-pizza-house/vendor/laravel/framework/src/Illuminate/Session/Middleware/StartSession.php(56): Illuminate\\Routing\\Pipeline->Illuminate\\Routing\\{closure}()
#21 /home/bjit/Desktop/training_works/laravel/day2/angkons-pizza-house/vendor/laravel/framework/src/Illuminate/Pipeline/Pipeline.php(163): Illuminate\\Session\\Middleware\\StartSession->handle()
#22 /home/bjit/Desktop/training_works/laravel/day2/angkons-pizza-house/vendor/laravel/framework/src/Illuminate/Routing/Pipeline.php(53): Illuminate\\Pipeline\\Pipeline->Illuminate\\Pipeline\\{closure}()
#23 /home/bjit/Desktop/training_works/laravel/day2/angkons-pizza-house/vendor/laravel/framework/src/Illuminate/Cookie/Middleware/AddQueuedCookiesToResponse.php(37): Illuminate\\Routing\\Pipeline->Illuminate\\Routing\\{closure}()
#24 /home/bjit/Desktop/training_works/laravel/day2/angkons-pizza-house/vendor/laravel/framework/src/Illuminate/Pipeline/Pipeline.php(163): Illuminate\\Cookie\\Middleware\\AddQueuedCookiesToResponse->handle()
#25 /home/bjit/Desktop/training_works/laravel/day2/angkons-pizza-house/vendor/laravel/framework/src/Illuminate/Routing/Pipeline.php(53): Illuminate\\Pipeline\\Pipeline->Illuminate\\Pipeline\\{closure}()
#26 /home/bjit/Desktop/training_works/laravel/day2/angkons-pizza-house/vendor/laravel/framework/src/Illuminate/Cookie/Middleware/EncryptCookies.php(66): Illuminate\\Routing\\Pipeline->Illuminate\\Routing\\{closure}()
#27 /home/bjit/Desktop/training_works/laravel/day2/angkons-pizza-house/vendor/laravel/framework/src/Illuminate/Pipeline/Pipeline.php(163): Illuminate\\Cookie\\Middleware\\EncryptCookies->handle()
#28 /home/bjit/Desktop/training_works/laravel/day2/angkons-pizza-house/vendor/laravel/framework/src/Illuminate/Routing/Pipeline.php(53): Illuminate\\Pipeline\\Pipeline->Illuminate\\Pipeline\\{closure}()
#29 /home/bjit/Desktop/training_works/laravel/day2/angkons-pizza-house/vendor/laravel/framework/src/Illuminate/Pipeline/Pipeline.php(104): Illuminate\\Routing\\Pipeline->Illuminate\\Routing\\{closure}()
#30 /home/bjit/Desktop/training_works/laravel/day2/angkons-pizza-house/vendor/laravel/framework/src/Illuminate/Routing/Router.php(682): Illuminate\\Pipeline\\Pipeline->then()
#31 /home/bjit/Desktop/training_works/laravel/day2/angkons-pizza-house/vendor/laravel/framework/src/Illuminate/Routing/Router.php(657): Illuminate\\Routing\\Router->runRouteWithinStack()
#32 /home/bjit/Desktop/training_works/laravel/day2/angkons-pizza-house/vendor/laravel/framework/src/Illuminate/Routing/Router.php(623): Illuminate\\Routing\\Router->runRoute()
#33 /home/bjit/Desktop/training_works/laravel/day2/angkons-pizza-house/vendor/laravel/framework/src/Illuminate/Routing/Router.php(612): Illuminate\\Routing\\Router->dispatchToRoute()
#34 /home/bjit/Desktop/training_works/laravel/day2/angkons-pizza-house/vendor/laravel/framework/src/Illuminate/Foundation/Http/Kernel.php(176): Illuminate\\Routing\\Router->dispatch()
#35 /home/bjit/Desktop/training_works/laravel/day2/angkons-pizza-house/vendor/laravel/framework/src/Illuminate/Routing/Pipeline.php(30): Illuminate\\Foundation\\Http\\Kernel->Illuminate\\Foundation\\Http\\{closure}()
#36 /home/bjit/Desktop/training_works/laravel/day2/angkons-pizza-house/vendor/laravel/framework/src/Illuminate/Foundation/Http/Middleware/TransformsRequest.php(21): Illuminate\\Routing\\Pipeline->Illuminate\\Routing\\{closure}()
#37 /home/bjit/Desktop/training_works/laravel/day2/angkons-pizza-house/vendor/laravel/framework/src/Illuminate/Pipeline/Pipeline.php(163): Illuminate\\Foundation\\Http\\Middleware\\TransformsRequest->handle()
#38 /home/bjit/Desktop/training_works/laravel/day2/angkons-pizza-house/vendor/laravel/framework/src/Illuminate/Routing/Pipeline.php(53): Illuminate\\Pipeline\\Pipeline->Illuminate\\Pipeline\\{closure}()
#39 /home/bjit/Desktop/training_works/laravel/day2/angkons-pizza-house/vendor/laravel/framework/src/Illuminate/Foundation/Http/Middleware/TransformsRequest.php(21): Illuminate\\Routing\\Pipeline->Illuminate\\Routing\\{closure}()
#40 /home/bjit/Desktop/training_works/laravel/day2/angkons-pizza-house/vendor/laravel/framework/src/Illuminate/Pipeline/Pipeline.php(163): Illuminate\\Foundation\\Http\\Middleware\\TransformsRequest->handle()
#41 /home/bjit/Desktop/training_works/laravel/day2/angkons-pizza-house/vendor/laravel/framework/src/Illuminate/Routing/Pipeline.php(53): Illuminate\\Pipeline\\Pipeline->Illuminate\\Pipeline\\{closure}()
#42 /home/bjit/Desktop/training_works/laravel/day2/angkons-pizza-house/vendor/laravel/framework/src/Illuminate/Foundation/Http/Middleware/ValidatePostSize.php(27): Illuminate\\Routing\\Pipeline->Illuminate\\Routing\\{closure}()
#43 /home/bjit/Desktop/training_works/laravel/day2/angkons-pizza-house/vendor/laravel/framework/src/Illuminate/Pipeline/Pipeline.php(163): Illuminate\\Foundation\\Http\\Middleware\\ValidatePostSize->handle()
#44 /home/bjit/Desktop/training_works/laravel/day2/angkons-pizza-house/vendor/laravel/framework/src/Illuminate/Routing/Pipeline.php(53): Illuminate\\Pipeline\\Pipeline->Illuminate\\Pipeline\\{closure}()
#45 /home/bjit/Desktop/training_works/laravel/day2/angkons-pizza-house/vendor/laravel/framework/src/Illuminate/Foundation/Http/Middleware/CheckForMaintenanceMode.php(62): Illuminate\\Routing\\Pipeline->Illuminate\\Routing\\{closure}()
#46 /home/bjit/Desktop/training_works/laravel/day2/angkons-pizza-house/vendor/laravel/framework/src/Illuminate/Pipeline/Pipeline.php(163): Illuminate\\Foundation\\Http\\Middleware\\CheckForMaintenanceMode->handle()
#47 /home/bjit/Desktop/training_works/laravel/day2/angkons-pizza-house/vendor/laravel/framework/src/Illuminate/Routing/Pipeline.php(53): Illuminate\\Pipeline\\Pipeline->Illuminate\\Pipeline\\{closure}()
#48 /home/bjit/Desktop/training_works/laravel/day2/angkons-pizza-house/vendor/fideloper/proxy/src/TrustProxies.php(57): Illuminate\\Routing\\Pipeline->Illuminate\\Routing\\{closure}()
#49 /home/bjit/Desktop/training_works/laravel/day2/angkons-pizza-house/vendor/laravel/framework/src/Illuminate/Pipeline/Pipeline.php(163): Fideloper\\Proxy\\TrustProxies->handle()
#50 /home/bjit/Desktop/training_works/laravel/day2/angkons-pizza-house/vendor/laravel/framework/src/Illuminate/Routing/Pipeline.php(53): Illuminate\\Pipeline\\Pipeline->Illuminate\\Pipeline\\{closure}()
#51 /home/bjit/Desktop/training_works/laravel/day2/angkons-pizza-house/vendor/laravel/framework/src/Illuminate/Pipeline/Pipeline.php(104): Illuminate\\Routing\\Pipeline->Illuminate\\Routing\\{closure}()
#52 /home/bjit/Desktop/training_works/laravel/day2/angkons-pizza-house/vendor/laravel/framework/src/Illuminate/Foundation/Http/Kernel.php(151): Illuminate\\Pipeline\\Pipeline->then()
#53 /home/bjit/Desktop/training_works/laravel/day2/angkons-pizza-house/vendor/laravel/framework/src/Illuminate/Foundation/Http/Kernel.php(116): Illuminate\\Foundation\\Http\\Kernel->sendRequestThroughRouter()
#54 /home/bjit/Desktop/training_works/laravel/day2/angkons-pizza-house/public/index.php(55): Illuminate\\Foundation\\Http\\Kernel->handle()
#55 /home/bjit/Desktop/training_works/laravel/day2/angkons-pizza-house/server.php(21): require_once('/home/bjit/Desk...')
#56 {main}
"} 
[2021-09-20 19:08:58] local.ERROR: Undefined variable: pizzas {"exception":"[object] (ErrorException(code: 0): Undefined variable: pizzas at /home/bjit/Desktop/training_works/laravel/day2/angkons-pizza-house/routes/web.php:26)
[stacktrace]
#0 /home/bjit/Desktop/training_works/laravel/day2/angkons-pizza-house/routes/web.php(26): Illuminate\\Foundation\\Bootstrap\\HandleExceptions->handleError()
#1 /home/bjit/Desktop/training_works/laravel/day2/angkons-pizza-house/vendor/laravel/framework/src/Illuminate/Routing/Route.php(205): Illuminate\\Routing\\RouteFileRegistrar->{closure}()
#2 /home/bjit/Desktop/training_works/laravel/day2/angkons-pizza-house/vendor/laravel/framework/src/Illuminate/Routing/Route.php(179): Illuminate\\Routing\\Route->runCallable()
#3 /home/bjit/Desktop/training_works/laravel/day2/angkons-pizza-house/vendor/laravel/framework/src/Illuminate/Routing/Router.php(680): Illuminate\\Routing\\Route->run()
#4 /home/bjit/Desktop/training_works/laravel/day2/angkons-pizza-house/vendor/laravel/framework/src/Illuminate/Routing/Pipeline.php(30): Illuminate\\Routing\\Router->Illuminate\\Routing\\{closure}()
#5 /home/bjit/Desktop/training_works/laravel/day2/angkons-pizza-house/vendor/laravel/framework/src/Illuminate/Routing/Middleware/SubstituteBindings.php(41): Illuminate\\Routing\\Pipeline->Illuminate\\Routing\\{closure}()
#6 /home/bjit/Desktop/training_works/laravel/day2/angkons-pizza-house/vendor/laravel/framework/src/Illuminate/Pipeline/Pipeline.php(163): Illuminate\\Routing\\Middleware\\SubstituteBindings->handle()
#7 /home/bjit/Desktop/training_works/laravel/day2/angkons-pizza-house/vendor/laravel/framework/src/Illuminate/Routing/Pipeline.php(53): Illuminate\\Pipeline\\Pipeline->Illuminate\\Pipeline\\{closure}()
#8 /home/bjit/Desktop/training_works/laravel/day2/angkons-pizza-house/vendor/laravel/framework/src/Illuminate/Foundation/Http/Middleware/VerifyCsrfToken.php(75): Illuminate\\Routing\\Pipeline->Illuminate\\Routing\\{closure}()
#9 /home/bjit/Desktop/training_works/laravel/day2/angkons-pizza-house/vendor/laravel/framework/src/Illuminate/Pipeline/Pipeline.php(163): Illuminate\\Foundation\\Http\\Middleware\\VerifyCsrfToken->handle()
#10 /home/bjit/Desktop/training_works/laravel/day2/angkons-pizza-house/vendor/laravel/framework/src/Illuminate/Routing/Pipeline.php(53): Illuminate\\Pipeline\\Pipeline->Illuminate\\Pipeline\\{closure}()
#11 /home/bjit/Desktop/training_works/laravel/day2/angkons-pizza-house/vendor/laravel/framework/src/Illuminate/View/Middleware/ShareErrorsFromSession.php(49): Illuminate\\Routing\\Pipeline->Illuminate\\Routing\\{closure}()
#12 /home/bjit/Desktop/training_works/laravel/day2/angkons-pizza-house/vendor/laravel/framework/src/Illuminate/Pipeline/Pipeline.php(163): Illuminate\\View\\Middleware\\ShareErrorsFromSession->handle()
#13 /home/bjit/Desktop/training_works/laravel/day2/angkons-pizza-house/vendor/laravel/framework/src/Illuminate/Routing/Pipeline.php(53): Illuminate\\Pipeline\\Pipeline->Illuminate\\Pipeline\\{closure}()
#14 /home/bjit/Desktop/training_works/laravel/day2/angkons-pizza-house/vendor/laravel/framework/src/Illuminate/Session/Middleware/StartSession.php(56): Illuminate\\Routing\\Pipeline->Illuminate\\Routing\\{closure}()
#15 /home/bjit/Desktop/training_works/laravel/day2/angkons-pizza-house/vendor/laravel/framework/src/Illuminate/Pipeline/Pipeline.php(163): Illuminate\\Session\\Middleware\\StartSession->handle()
#16 /home/bjit/Desktop/training_works/laravel/day2/angkons-pizza-house/vendor/laravel/framework/src/Illuminate/Routing/Pipeline.php(53): Illuminate\\Pipeline\\Pipeline->Illuminate\\Pipeline\\{closure}()
#17 /home/bjit/Desktop/training_works/laravel/day2/angkons-pizza-house/vendor/laravel/framework/src/Illuminate/Cookie/Middleware/AddQueuedCookiesToResponse.php(37): Illuminate\\Routing\\Pipeline->Illuminate\\Routing\\{closure}()
#18 /home/bjit/Desktop/training_works/laravel/day2/angkons-pizza-house/vendor/laravel/framework/src/Illuminate/Pipeline/Pipeline.php(163): Illuminate\\Cookie\\Middleware\\AddQueuedCookiesToResponse->handle()
#19 /home/bjit/Desktop/training_works/laravel/day2/angkons-pizza-house/vendor/laravel/framework/src/Illuminate/Routing/Pipeline.php(53): Illuminate\\Pipeline\\Pipeline->Illuminate\\Pipeline\\{closure}()
#20 /home/bjit/Desktop/training_works/laravel/day2/angkons-pizza-house/vendor/laravel/framework/src/Illuminate/Cookie/Middleware/EncryptCookies.php(66): Illuminate\\Routing\\Pipeline->Illuminate\\Routing\\{closure}()
#21 /home/bjit/Desktop/training_works/laravel/day2/angkons-pizza-house/vendor/laravel/framework/src/Illuminate/Pipeline/Pipeline.php(163): Illuminate\\Cookie\\Middleware\\EncryptCookies->handle()
#22 /home/bjit/Desktop/training_works/laravel/day2/angkons-pizza-house/vendor/laravel/framework/src/Illuminate/Routing/Pipeline.php(53): Illuminate\\Pipeline\\Pipeline->Illuminate\\Pipeline\\{closure}()
#23 /home/bjit/Desktop/training_works/laravel/day2/angkons-pizza-house/vendor/laravel/framework/src/Illuminate/Pipeline/Pipeline.php(104): Illuminate\\Routing\\Pipeline->Illuminate\\Routing\\{closure}()
#24 /home/bjit/Desktop/training_works/laravel/day2/angkons-pizza-house/vendor/laravel/framework/src/Illuminate/Routing/Router.php(682): Illuminate\\Pipeline\\Pipeline->then()
#25 /home/bjit/Desktop/training_works/laravel/day2/angkons-pizza-house/vendor/laravel/framework/src/Illuminate/Routing/Router.php(657): Illuminate\\Routing\\Router->runRouteWithinStack()
#26 /home/bjit/Desktop/training_works/laravel/day2/angkons-pizza-house/vendor/laravel/framework/src/Illuminate/Routing/Router.php(623): Illuminate\\Routing\\Router->runRoute()
#27 /home/bjit/Desktop/training_works/laravel/day2/angkons-pizza-house/vendor/laravel/framework/src/Illuminate/Routing/Router.php(612): Illuminate\\Routing\\Router->dispatchToRoute()
#28 /home/bjit/Desktop/training_works/laravel/day2/angkons-pizza-house/vendor/laravel/framework/src/Illuminate/Foundation/Http/Kernel.php(176): Illuminate\\Routing\\Router->dispatch()
#29 /home/bjit/Desktop/training_works/laravel/day2/angkons-pizza-house/vendor/laravel/framework/src/Illuminate/Routing/Pipeline.php(30): Illuminate\\Foundation\\Http\\Kernel->Illuminate\\Foundation\\Http\\{closure}()
#30 /home/bjit/Desktop/training_works/laravel/day2/angkons-pizza-house/vendor/laravel/framework/src/Illuminate/Foundation/Http/Middleware/TransformsRequest.php(21): Illuminate\\Routing\\Pipeline->Illuminate\\Routing\\{closure}()
#31 /home/bjit/Desktop/training_works/laravel/day2/angkons-pizza-house/vendor/laravel/framework/src/Illuminate/Pipeline/Pipeline.php(163): Illuminate\\Foundation\\Http\\Middleware\\TransformsRequest->handle()
#32 /home/bjit/Desktop/training_works/laravel/day2/angkons-pizza-house/vendor/laravel/framework/src/Illuminate/Routing/Pipeline.php(53): Illuminate\\Pipeline\\Pipeline->Illuminate\\Pipeline\\{closure}()
#33 /home/bjit/Desktop/training_works/laravel/day2/angkons-pizza-house/vendor/laravel/framework/src/Illuminate/Foundation/Http/Middleware/TransformsRequest.php(21): Illuminate\\Routing\\Pipeline->Illuminate\\Routing\\{closure}()
#34 /home/bjit/Desktop/training_works/laravel/day2/angkons-pizza-house/vendor/laravel/framework/src/Illuminate/Pipeline/Pipeline.php(163): Illuminate\\Foundation\\Http\\Middleware\\TransformsRequest->handle()
#35 /home/bjit/Desktop/training_works/laravel/day2/angkons-pizza-house/vendor/laravel/framework/src/Illuminate/Routing/Pipeline.php(53): Illuminate\\Pipeline\\Pipeline->Illuminate\\Pipeline\\{closure}()
#36 /home/bjit/Desktop/training_works/laravel/day2/angkons-pizza-house/vendor/laravel/framework/src/Illuminate/Foundation/Http/Middleware/ValidatePostSize.php(27): Illuminate\\Routing\\Pipeline->Illuminate\\Routing\\{closure}()
#37 /home/bjit/Desktop/training_works/laravel/day2/angkons-pizza-house/vendor/laravel/framework/src/Illuminate/Pipeline/Pipeline.php(163): Illuminate\\Foundation\\Http\\Middleware\\ValidatePostSize->handle()
#38 /home/bjit/Desktop/training_works/laravel/day2/angkons-pizza-house/vendor/laravel/framework/src/Illuminate/Routing/Pipeline.php(53): Illuminate\\Pipeline\\Pipeline->Illuminate\\Pipeline\\{closure}()
#39 /home/bjit/Desktop/training_works/laravel/day2/angkons-pizza-house/vendor/laravel/framework/src/Illuminate/Foundation/Http/Middleware/CheckForMaintenanceMode.php(62): Illuminate\\Routing\\Pipeline->Illuminate\\Routing\\{closure}()
#40 /home/bjit/Desktop/training_works/laravel/day2/angkons-pizza-house/vendor/laravel/framework/src/Illuminate/Pipeline/Pipeline.php(163): Illuminate\\Foundation\\Http\\Middleware\\CheckForMaintenanceMode->handle()
#41 /home/bjit/Desktop/training_works/laravel/day2/angkons-pizza-house/vendor/laravel/framework/src/Illuminate/Routing/Pipeline.php(53): Illuminate\\Pipeline\\Pipeline->Illuminate\\Pipeline\\{closure}()
#42 /home/bjit/Desktop/training_works/laravel/day2/angkons-pizza-house/vendor/fideloper/proxy/src/TrustProxies.php(57): Illuminate\\Routing\\Pipeline->Illuminate\\Routing\\{closure}()
#43 /home/bjit/Desktop/training_works/laravel/day2/angkons-pizza-house/vendor/laravel/framework/src/Illuminate/Pipeline/Pipeline.php(163): Fideloper\\Proxy\\TrustProxies->handle()
#44 /home/bjit/Desktop/training_works/laravel/day2/angkons-pizza-house/vendor/laravel/framework/src/Illuminate/Routing/Pipeline.php(53): Illuminate\\Pipeline\\Pipeline->Illuminate\\Pipeline\\{closure}()
#45 /home/bjit/Desktop/training_works/laravel/day2/angkons-pizza-house/vendor/laravel/framework/src/Illuminate/Pipeline/Pipeline.php(104): Illuminate\\Routing\\Pipeline->Illuminate\\Routing\\{closure}()
#46 /home/bjit/Desktop/training_works/laravel/day2/angkons-pizza-house/vendor/laravel/framework/src/Illuminate/Foundation/Http/Kernel.php(151): Illuminate\\Pipeline\\Pipeline->then()
#47 /home/bjit/Desktop/training_works/laravel/day2/angkons-pizza-house/vendor/laravel/framework/src/Illuminate/Foundation/Http/Kernel.php(116): Illuminate\\Foundation\\Http\\Kernel->sendRequestThroughRouter()
#48 /home/bjit/Desktop/training_works/laravel/day2/angkons-pizza-house/public/index.php(55): Illuminate\\Foundation\\Http\\Kernel->handle()
#49 /home/bjit/Desktop/training_works/laravel/day2/angkons-pizza-house/server.php(21): require_once('/home/bjit/Desk...')
#50 {main}
"} 
[2021-09-20 19:09:16] local.ERROR: syntax error, unexpected '++' (T_INC), expecting ')' (View: /home/bjit/Desktop/training_works/laravel/day2/angkons-pizza-house/resources/views/pizzas.blade.php) {"exception":"[object] (ErrorException(code: 0): syntax error, unexpected '++' (T_INC), expecting ')' (View: /home/bjit/Desktop/training_works/laravel/day2/angkons-pizza-house/resources/views/pizzas.blade.php) at /home/bjit/Desktop/training_works/laravel/day2/angkons-pizza-house/storage/framework/views/9f717d91b4fe33fb9ceacb261e44ac37f12dfb2d.php:81, Symfony\\Component\\Debug\\Exception\\FatalThrowableError(code: 0): syntax error, unexpected '++' (T_INC), expecting ')' at /home/bjit/Desktop/training_works/laravel/day2/angkons-pizza-house/storage/framework/views/9f717d91b4fe33fb9ceacb261e44ac37f12dfb2d.php:81)
[stacktrace]
#0 /home/bjit/Desktop/training_works/laravel/day2/angkons-pizza-house/vendor/laravel/framework/src/Illuminate/View/Engines/PhpEngine.php(47): Illuminate\\View\\Engines\\CompilerEngine->handleViewException()
#1 /home/bjit/Desktop/training_works/laravel/day2/angkons-pizza-house/vendor/laravel/framework/src/Illuminate/View/Engines/CompilerEngine.php(59): Illuminate\\View\\Engines\\PhpEngine->evaluatePath()
#2 /home/bjit/Desktop/training_works/laravel/day2/angkons-pizza-house/vendor/laravel/framework/src/Illuminate/View/View.php(142): Illuminate\\View\\Engines\\CompilerEngine->get()
#3 /home/bjit/Desktop/training_works/laravel/day2/angkons-pizza-house/vendor/laravel/framework/src/Illuminate/View/View.php(125): Illuminate\\View\\View->getContents()
#4 /home/bjit/Desktop/training_works/laravel/day2/angkons-pizza-house/vendor/laravel/framework/src/Illuminate/View/View.php(90): Illuminate\\View\\View->renderContents()
#5 /home/bjit/Desktop/training_works/laravel/day2/angkons-pizza-house/vendor/laravel/framework/src/Illuminate/Http/Response.php(42): Illuminate\\View\\View->render()
#6 /home/bjit/Desktop/training_works/laravel/day2/angkons-pizza-house/vendor/symfony/http-foundation/Response.php(205): Illuminate\\Http\\Response->setContent()
#7 /home/bjit/Desktop/training_works/laravel/day2/angkons-pizza-house/vendor/laravel/framework/src/Illuminate/Routing/Router.php(748): Symfony\\Component\\HttpFoundation\\Response->__construct()
#8 /home/bjit/Desktop/training_works/laravel/day2/angkons-pizza-house/vendor/laravel/framework/src/Illuminate/Routing/Router.php(720): Illuminate\\Routing\\Router::toResponse()
#9 /home/bjit/Desktop/training_works/laravel/day2/angkons-pizza-house/vendor/laravel/framework/src/Illuminate/Routing/Router.php(680): Illuminate\\Routing\\Router->prepareResponse()
#10 /home/bjit/Desktop/training_works/laravel/day2/angkons-pizza-house/vendor/laravel/framework/src/Illuminate/Routing/Pipeline.php(30): Illuminate\\Routing\\Router->Illuminate\\Routing\\{closure}()
#11 /home/bjit/Desktop/training_works/laravel/day2/angkons-pizza-house/vendor/laravel/framework/src/Illuminate/Routing/Middleware/SubstituteBindings.php(41): Illuminate\\Routing\\Pipeline->Illuminate\\Routing\\{closure}()
#12 /home/bjit/Desktop/training_works/laravel/day2/angkons-pizza-house/vendor/laravel/framework/src/Illuminate/Pipeline/Pipeline.php(163): Illuminate\\Routing\\Middleware\\SubstituteBindings->handle()
#13 /home/bjit/Desktop/training_works/laravel/day2/angkons-pizza-house/vendor/laravel/framework/src/Illuminate/Routing/Pipeline.php(53): Illuminate\\Pipeline\\Pipeline->Illuminate\\Pipeline\\{closure}()
#14 /home/bjit/Desktop/training_works/laravel/day2/angkons-pizza-house/vendor/laravel/framework/src/Illuminate/Foundation/Http/Middleware/VerifyCsrfToken.php(75): Illuminate\\Routing\\Pipeline->Illuminate\\Routing\\{closure}()
#15 /home/bjit/Desktop/training_works/laravel/day2/angkons-pizza-house/vendor/laravel/framework/src/Illuminate/Pipeline/Pipeline.php(163): Illuminate\\Foundation\\Http\\Middleware\\VerifyCsrfToken->handle()
#16 /home/bjit/Desktop/training_works/laravel/day2/angkons-pizza-house/vendor/laravel/framework/src/Illuminate/Routing/Pipeline.php(53): Illuminate\\Pipeline\\Pipeline->Illuminate\\Pipeline\\{closure}()
#17 /home/bjit/Desktop/training_works/laravel/day2/angkons-pizza-house/vendor/laravel/framework/src/Illuminate/View/Middleware/ShareErrorsFromSession.php(49): Illuminate\\Routing\\Pipeline->Illuminate\\Routing\\{closure}()
#18 /home/bjit/Desktop/training_works/laravel/day2/angkons-pizza-house/vendor/laravel/framework/src/Illuminate/Pipeline/Pipeline.php(163): Illuminate\\View\\Middleware\\ShareErrorsFromSession->handle()
#19 /home/bjit/Desktop/training_works/laravel/day2/angkons-pizza-house/vendor/laravel/framework/src/Illuminate/Routing/Pipeline.php(53): Illuminate\\Pipeline\\Pipeline->Illuminate\\Pipeline\\{closure}()
#20 /home/bjit/Desktop/training_works/laravel/day2/angkons-pizza-house/vendor/laravel/framework/src/Illuminate/Session/Middleware/StartSession.php(56): Illuminate\\Routing\\Pipeline->Illuminate\\Routing\\{closure}()
#21 /home/bjit/Desktop/training_works/laravel/day2/angkons-pizza-house/vendor/laravel/framework/src/Illuminate/Pipeline/Pipeline.php(163): Illuminate\\Session\\Middleware\\StartSession->handle()
#22 /home/bjit/Desktop/training_works/laravel/day2/angkons-pizza-house/vendor/laravel/framework/src/Illuminate/Routing/Pipeline.php(53): Illuminate\\Pipeline\\Pipeline->Illuminate\\Pipeline\\{closure}()
#23 /home/bjit/Desktop/training_works/laravel/day2/angkons-pizza-house/vendor/laravel/framework/src/Illuminate/Cookie/Middleware/AddQueuedCookiesToResponse.php(37): Illuminate\\Routing\\Pipeline->Illuminate\\Routing\\{closure}()
#24 /home/bjit/Desktop/training_works/laravel/day2/angkons-pizza-house/vendor/laravel/framework/src/Illuminate/Pipeline/Pipeline.php(163): Illuminate\\Cookie\\Middleware\\AddQueuedCookiesToResponse->handle()
#25 /home/bjit/Desktop/training_works/laravel/day2/angkons-pizza-house/vendor/laravel/framework/src/Illuminate/Routing/Pipeline.php(53): Illuminate\\Pipeline\\Pipeline->Illuminate\\Pipeline\\{closure}()
#26 /home/bjit/Desktop/training_works/laravel/day2/angkons-pizza-house/vendor/laravel/framework/src/Illuminate/Cookie/Middleware/EncryptCookies.php(66): Illuminate\\Routing\\Pipeline->Illuminate\\Routing\\{closure}()
#27 /home/bjit/Desktop/training_works/laravel/day2/angkons-pizza-house/vendor/laravel/framework/src/Illuminate/Pipeline/Pipeline.php(163): Illuminate\\Cookie\\Middleware\\EncryptCookies->handle()
#28 /home/bjit/Desktop/training_works/laravel/day2/angkons-pizza-house/vendor/laravel/framework/src/Illuminate/Routing/Pipeline.php(53): Illuminate\\Pipeline\\Pipeline->Illuminate\\Pipeline\\{closure}()
#29 /home/bjit/Desktop/training_works/laravel/day2/angkons-pizza-house/vendor/laravel/framework/src/Illuminate/Pipeline/Pipeline.php(104): Illuminate\\Routing\\Pipeline->Illuminate\\Routing\\{closure}()
#30 /home/bjit/Desktop/training_works/laravel/day2/angkons-pizza-house/vendor/laravel/framework/src/Illuminate/Routing/Router.php(682): Illuminate\\Pipeline\\Pipeline->then()
#31 /home/bjit/Desktop/training_works/laravel/day2/angkons-pizza-house/vendor/laravel/framework/src/Illuminate/Routing/Router.php(657): Illuminate\\Routing\\Router->runRouteWithinStack()
#32 /home/bjit/Desktop/training_works/laravel/day2/angkons-pizza-house/vendor/laravel/framework/src/Illuminate/Routing/Router.php(623): Illuminate\\Routing\\Router->runRoute()
#33 /home/bjit/Desktop/training_works/laravel/day2/angkons-pizza-house/vendor/laravel/framework/src/Illuminate/Routing/Router.php(612): Illuminate\\Routing\\Router->dispatchToRoute()
#34 /home/bjit/Desktop/training_works/laravel/day2/angkons-pizza-house/vendor/laravel/framework/src/Illuminate/Foundation/Http/Kernel.php(176): Illuminate\\Routing\\Router->dispatch()
#35 /home/bjit/Desktop/training_works/laravel/day2/angkons-pizza-house/vendor/laravel/framework/src/Illuminate/Routing/Pipeline.php(30): Illuminate\\Foundation\\Http\\Kernel->Illuminate\\Foundation\\Http\\{closure}()
#36 /home/bjit/Desktop/training_works/laravel/day2/angkons-pizza-house/vendor/laravel/framework/src/Illuminate/Foundation/Http/Middleware/TransformsRequest.php(21): Illuminate\\Routing\\Pipeline->Illuminate\\Routing\\{closure}()
#37 /home/bjit/Desktop/training_works/laravel/day2/angkons-pizza-house/vendor/laravel/framework/src/Illuminate/Pipeline/Pipeline.php(163): Illuminate\\Foundation\\Http\\Middleware\\TransformsRequest->handle()
#38 /home/bjit/Desktop/training_works/laravel/day2/angkons-pizza-house/vendor/laravel/framework/src/Illuminate/Routing/Pipeline.php(53): Illuminate\\Pipeline\\Pipeline->Illuminate\\Pipeline\\{closure}()
#39 /home/bjit/Desktop/training_works/laravel/day2/angkons-pizza-house/vendor/laravel/framework/src/Illuminate/Foundation/Http/Middleware/TransformsRequest.php(21): Illuminate\\Routing\\Pipeline->Illuminate\\Routing\\{closure}()
#40 /home/bjit/Desktop/training_works/laravel/day2/angkons-pizza-house/vendor/laravel/framework/src/Illuminate/Pipeline/Pipeline.php(163): Illuminate\\Foundation\\Http\\Middleware\\TransformsRequest->handle()
#41 /home/bjit/Desktop/training_works/laravel/day2/angkons-pizza-house/vendor/laravel/framework/src/Illuminate/Routing/Pipeline.php(53): Illuminate\\Pipeline\\Pipeline->Illuminate\\Pipeline\\{closure}()
#42 /home/bjit/Desktop/training_works/laravel/day2/angkons-pizza-house/vendor/laravel/framework/src/Illuminate/Foundation/Http/Middleware/ValidatePostSize.php(27): Illuminate\\Routing\\Pipeline->Illuminate\\Routing\\{closure}()
#43 /home/bjit/Desktop/training_works/laravel/day2/angkons-pizza-house/vendor/laravel/framework/src/Illuminate/Pipeline/Pipeline.php(163): Illuminate\\Foundation\\Http\\Middleware\\ValidatePostSize->handle()
#44 /home/bjit/Desktop/training_works/laravel/day2/angkons-pizza-house/vendor/laravel/framework/src/Illuminate/Routing/Pipeline.php(53): Illuminate\\Pipeline\\Pipeline->Illuminate\\Pipeline\\{closure}()
#45 /home/bjit/Desktop/training_works/laravel/day2/angkons-pizza-house/vendor/laravel/framework/src/Illuminate/Foundation/Http/Middleware/CheckForMaintenanceMode.php(62): Illuminate\\Routing\\Pipeline->Illuminate\\Routing\\{closure}()
#46 /home/bjit/Desktop/training_works/laravel/day2/angkons-pizza-house/vendor/laravel/framework/src/Illuminate/Pipeline/Pipeline.php(163): Illuminate\\Foundation\\Http\\Middleware\\CheckForMaintenanceMode->handle()
#47 /home/bjit/Desktop/training_works/laravel/day2/angkons-pizza-house/vendor/laravel/framework/src/Illuminate/Routing/Pipeline.php(53): Illuminate\\Pipeline\\Pipeline->Illuminate\\Pipeline\\{closure}()
#48 /home/bjit/Desktop/training_works/laravel/day2/angkons-pizza-house/vendor/fideloper/proxy/src/TrustProxies.php(57): Illuminate\\Routing\\Pipeline->Illuminate\\Routing\\{closure}()
#49 /home/bjit/Desktop/training_works/laravel/day2/angkons-pizza-house/vendor/laravel/framework/src/Illuminate/Pipeline/Pipeline.php(163): Fideloper\\Proxy\\TrustProxies->handle()
#50 /home/bjit/Desktop/training_works/laravel/day2/angkons-pizza-house/vendor/laravel/framework/src/Illuminate/Routing/Pipeline.php(53): Illuminate\\Pipeline\\Pipeline->Illuminate\\Pipeline\\{closure}()
#51 /home/bjit/Desktop/training_works/laravel/day2/angkons-pizza-house/vendor/laravel/framework/src/Illuminate/Pipeline/Pipeline.php(104): Illuminate\\Routing\\Pipeline->Illuminate\\Routing\\{closure}()
#52 /home/bjit/Desktop/training_works/laravel/day2/angkons-pizza-house/vendor/laravel/framework/src/Illuminate/Foundation/Http/Kernel.php(151): Illuminate\\Pipeline\\Pipeline->then()
#53 /home/bjit/Desktop/training_works/laravel/day2/angkons-pizza-house/vendor/laravel/framework/src/Illuminate/Foundation/Http/Kernel.php(116): Illuminate\\Foundation\\Http\\Kernel->sendRequestThroughRouter()
#54 /home/bjit/Desktop/training_works/laravel/day2/angkons-pizza-house/public/index.php(55): Illuminate\\Foundation\\Http\\Kernel->handle()
#55 /home/bjit/Desktop/training_works/laravel/day2/angkons-pizza-house/server.php(21): require_once('/home/bjit/Desk...')
#56 {main}
"} 
[2021-09-20 19:09:40] local.ERROR: syntax error, unexpected end of file (View: /home/bjit/Desktop/training_works/laravel/day2/angkons-pizza-house/resources/views/pizzas.blade.php) {"exception":"[object] (ErrorException(code: 0): syntax error, unexpected end of file (View: /home/bjit/Desktop/training_works/laravel/day2/angkons-pizza-house/resources/views/pizzas.blade.php) at /home/bjit/Desktop/training_works/laravel/day2/angkons-pizza-house/storage/framework/views/9f717d91b4fe33fb9ceacb261e44ac37f12dfb2d.php:87, Symfony\\Component\\Debug\\Exception\\FatalThrowableError(code: 0): syntax error, unexpected end of file at /home/bjit/Desktop/training_works/laravel/day2/angkons-pizza-house/storage/framework/views/9f717d91b4fe33fb9ceacb261e44ac37f12dfb2d.php:87)
[stacktrace]
#0 /home/bjit/Desktop/training_works/laravel/day2/angkons-pizza-house/vendor/laravel/framework/src/Illuminate/View/Engines/PhpEngine.php(47): Illuminate\\View\\Engines\\CompilerEngine->handleViewException()
#1 /home/bjit/Desktop/training_works/laravel/day2/angkons-pizza-house/vendor/laravel/framework/src/Illuminate/View/Engines/CompilerEngine.php(59): Illuminate\\View\\Engines\\PhpEngine->evaluatePath()
#2 /home/bjit/Desktop/training_works/laravel/day2/angkons-pizza-house/vendor/laravel/framework/src/Illuminate/View/View.php(142): Illuminate\\View\\Engines\\CompilerEngine->get()
#3 /home/bjit/Desktop/training_works/laravel/day2/angkons-pizza-house/vendor/laravel/framework/src/Illuminate/View/View.php(125): Illuminate\\View\\View->getContents()
#4 /home/bjit/Desktop/training_works/laravel/day2/angkons-pizza-house/vendor/laravel/framework/src/Illuminate/View/View.php(90): Illuminate\\View\\View->renderContents()
#5 /home/bjit/Desktop/training_works/laravel/day2/angkons-pizza-house/vendor/laravel/framework/src/Illuminate/Http/Response.php(42): Illuminate\\View\\View->render()
#6 /home/bjit/Desktop/training_works/laravel/day2/angkons-pizza-house/vendor/symfony/http-foundation/Response.php(205): Illuminate\\Http\\Response->setContent()
#7 /home/bjit/Desktop/training_works/laravel/day2/angkons-pizza-house/vendor/laravel/framework/src/Illuminate/Routing/Router.php(748): Symfony\\Component\\HttpFoundation\\Response->__construct()
#8 /home/bjit/Desktop/training_works/laravel/day2/angkons-pizza-house/vendor/laravel/framework/src/Illuminate/Routing/Router.php(720): Illuminate\\Routing\\Router::toResponse()
#9 /home/bjit/Desktop/training_works/laravel/day2/angkons-pizza-house/vendor/laravel/framework/src/Illuminate/Routing/Router.php(680): Illuminate\\Routing\\Router->prepareResponse()
#10 /home/bjit/Desktop/training_works/laravel/day2/angkons-pizza-house/vendor/laravel/framework/src/Illuminate/Routing/Pipeline.php(30): Illuminate\\Routing\\Router->Illuminate\\Routing\\{closure}()
#11 /home/bjit/Desktop/training_works/laravel/day2/angkons-pizza-house/vendor/laravel/framework/src/Illuminate/Routing/Middleware/SubstituteBindings.php(41): Illuminate\\Routing\\Pipeline->Illuminate\\Routing\\{closure}()
#12 /home/bjit/Desktop/training_works/laravel/day2/angkons-pizza-house/vendor/laravel/framework/src/Illuminate/Pipeline/Pipeline.php(163): Illuminate\\Routing\\Middleware\\SubstituteBindings->handle()
#13 /home/bjit/Desktop/training_works/laravel/day2/angkons-pizza-house/vendor/laravel/framework/src/Illuminate/Routing/Pipeline.php(53): Illuminate\\Pipeline\\Pipeline->Illuminate\\Pipeline\\{closure}()
#14 /home/bjit/Desktop/training_works/laravel/day2/angkons-pizza-house/vendor/laravel/framework/src/Illuminate/Foundation/Http/Middleware/VerifyCsrfToken.php(75): Illuminate\\Routing\\Pipeline->Illuminate\\Routing\\{closure}()
#15 /home/bjit/Desktop/training_works/laravel/day2/angkons-pizza-house/vendor/laravel/framework/src/Illuminate/Pipeline/Pipeline.php(163): Illuminate\\Foundation\\Http\\Middleware\\VerifyCsrfToken->handle()
#16 /home/bjit/Desktop/training_works/laravel/day2/angkons-pizza-house/vendor/laravel/framework/src/Illuminate/Routing/Pipeline.php(53): Illuminate\\Pipeline\\Pipeline->Illuminate\\Pipeline\\{closure}()
#17 /home/bjit/Desktop/training_works/laravel/day2/angkons-pizza-house/vendor/laravel/framework/src/Illuminate/View/Middleware/ShareErrorsFromSession.php(49): Illuminate\\Routing\\Pipeline->Illuminate\\Routing\\{closure}()
#18 /home/bjit/Desktop/training_works/laravel/day2/angkons-pizza-house/vendor/laravel/framework/src/Illuminate/Pipeline/Pipeline.php(163): Illuminate\\View\\Middleware\\ShareErrorsFromSession->handle()
#19 /home/bjit/Desktop/training_works/laravel/day2/angkons-pizza-house/vendor/laravel/framework/src/Illuminate/Routing/Pipeline.php(53): Illuminate\\Pipeline\\Pipeline->Illuminate\\Pipeline\\{closure}()
#20 /home/bjit/Desktop/training_works/laravel/day2/angkons-pizza-house/vendor/laravel/framework/src/Illuminate/Session/Middleware/StartSession.php(56): Illuminate\\Routing\\Pipeline->Illuminate\\Routing\\{closure}()
#21 /home/bjit/Desktop/training_works/laravel/day2/angkons-pizza-house/vendor/laravel/framework/src/Illuminate/Pipeline/Pipeline.php(163): Illuminate\\Session\\Middleware\\StartSession->handle()
#22 /home/bjit/Desktop/training_works/laravel/day2/angkons-pizza-house/vendor/laravel/framework/src/Illuminate/Routing/Pipeline.php(53): Illuminate\\Pipeline\\Pipeline->Illuminate\\Pipeline\\{closure}()
#23 /home/bjit/Desktop/training_works/laravel/day2/angkons-pizza-house/vendor/laravel/framework/src/Illuminate/Cookie/Middleware/AddQueuedCookiesToResponse.php(37): Illuminate\\Routing\\Pipeline->Illuminate\\Routing\\{closure}()
#24 /home/bjit/Desktop/training_works/laravel/day2/angkons-pizza-house/vendor/laravel/framework/src/Illuminate/Pipeline/Pipeline.php(163): Illuminate\\Cookie\\Middleware\\AddQueuedCookiesToResponse->handle()
#25 /home/bjit/Desktop/training_works/laravel/day2/angkons-pizza-house/vendor/laravel/framework/src/Illuminate/Routing/Pipeline.php(53): Illuminate\\Pipeline\\Pipeline->Illuminate\\Pipeline\\{closure}()
#26 /home/bjit/Desktop/training_works/laravel/day2/angkons-pizza-house/vendor/laravel/framework/src/Illuminate/Cookie/Middleware/EncryptCookies.php(66): Illuminate\\Routing\\Pipeline->Illuminate\\Routing\\{closure}()
#27 /home/bjit/Desktop/training_works/laravel/day2/angkons-pizza-house/vendor/laravel/framework/src/Illuminate/Pipeline/Pipeline.php(163): Illuminate\\Cookie\\Middleware\\EncryptCookies->handle()
#28 /home/bjit/Desktop/training_works/laravel/day2/angkons-pizza-house/vendor/laravel/framework/src/Illuminate/Routing/Pipeline.php(53): Illuminate\\Pipeline\\Pipeline->Illuminate\\Pipeline\\{closure}()
#29 /home/bjit/Desktop/training_works/laravel/day2/angkons-pizza-house/vendor/laravel/framework/src/Illuminate/Pipeline/Pipeline.php(104): Illuminate\\Routing\\Pipeline->Illuminate\\Routing\\{closure}()
#30 /home/bjit/Desktop/training_works/laravel/day2/angkons-pizza-house/vendor/laravel/framework/src/Illuminate/Routing/Router.php(682): Illuminate\\Pipeline\\Pipeline->then()
#31 /home/bjit/Desktop/training_works/laravel/day2/angkons-pizza-house/vendor/laravel/framework/src/Illuminate/Routing/Router.php(657): Illuminate\\Routing\\Router->runRouteWithinStack()
#32 /home/bjit/Desktop/training_works/laravel/day2/angkons-pizza-house/vendor/laravel/framework/src/Illuminate/Routing/Router.php(623): Illuminate\\Routing\\Router->runRoute()
#33 /home/bjit/Desktop/training_works/laravel/day2/angkons-pizza-house/vendor/laravel/framework/src/Illuminate/Routing/Router.php(612): Illuminate\\Routing\\Router->dispatchToRoute()
#34 /home/bjit/Desktop/training_works/laravel/day2/angkons-pizza-house/vendor/laravel/framework/src/Illuminate/Foundation/Http/Kernel.php(176): Illuminate\\Routing\\Router->dispatch()
#35 /home/bjit/Desktop/training_works/laravel/day2/angkons-pizza-house/vendor/laravel/framework/src/Illuminate/Routing/Pipeline.php(30): Illuminate\\Foundation\\Http\\Kernel->Illuminate\\Foundation\\Http\\{closure}()
#36 /home/bjit/Desktop/training_works/laravel/day2/angkons-pizza-house/vendor/laravel/framework/src/Illuminate/Foundation/Http/Middleware/TransformsRequest.php(21): Illuminate\\Routing\\Pipeline->Illuminate\\Routing\\{closure}()
#37 /home/bjit/Desktop/training_works/laravel/day2/angkons-pizza-house/vendor/laravel/framework/src/Illuminate/Pipeline/Pipeline.php(163): Illuminate\\Foundation\\Http\\Middleware\\TransformsRequest->handle()
#38 /home/bjit/Desktop/training_works/laravel/day2/angkons-pizza-house/vendor/laravel/framework/src/Illuminate/Routing/Pipeline.php(53): Illuminate\\Pipeline\\Pipeline->Illuminate\\Pipeline\\{closure}()
#39 /home/bjit/Desktop/training_works/laravel/day2/angkons-pizza-house/vendor/laravel/framework/src/Illuminate/Foundation/Http/Middleware/TransformsRequest.php(21): Illuminate\\Routing\\Pipeline->Illuminate\\Routing\\{closure}()
#40 /home/bjit/Desktop/training_works/laravel/day2/angkons-pizza-house/vendor/laravel/framework/src/Illuminate/Pipeline/Pipeline.php(163): Illuminate\\Foundation\\Http\\Middleware\\TransformsRequest->handle()
#41 /home/bjit/Desktop/training_works/laravel/day2/angkons-pizza-house/vendor/laravel/framework/src/Illuminate/Routing/Pipeline.php(53): Illuminate\\Pipeline\\Pipeline->Illuminate\\Pipeline\\{closure}()
#42 /home/bjit/Desktop/training_works/laravel/day2/angkons-pizza-house/vendor/laravel/framework/src/Illuminate/Foundation/Http/Middleware/ValidatePostSize.php(27): Illuminate\\Routing\\Pipeline->Illuminate\\Routing\\{closure}()
#43 /home/bjit/Desktop/training_works/laravel/day2/angkons-pizza-house/vendor/laravel/framework/src/Illuminate/Pipeline/Pipeline.php(163): Illuminate\\Foundation\\Http\\Middleware\\ValidatePostSize->handle()
#44 /home/bjit/Desktop/training_works/laravel/day2/angkons-pizza-house/vendor/laravel/framework/src/Illuminate/Routing/Pipeline.php(53): Illuminate\\Pipeline\\Pipeline->Illuminate\\Pipeline\\{closure}()
#45 /home/bjit/Desktop/training_works/laravel/day2/angkons-pizza-house/vendor/laravel/framework/src/Illuminate/Foundation/Http/Middleware/CheckForMaintenanceMode.php(62): Illuminate\\Routing\\Pipeline->Illuminate\\Routing\\{closure}()
#46 /home/bjit/Desktop/training_works/laravel/day2/angkons-pizza-house/vendor/laravel/framework/src/Illuminate/Pipeline/Pipeline.php(163): Illuminate\\Foundation\\Http\\Middleware\\CheckForMaintenanceMode->handle()
#47 /home/bjit/Desktop/training_works/laravel/day2/angkons-pizza-house/vendor/laravel/framework/src/Illuminate/Routing/Pipeline.php(53): Illuminate\\Pipeline\\Pipeline->Illuminate\\Pipeline\\{closure}()
#48 /home/bjit/Desktop/training_works/laravel/day2/angkons-pizza-house/vendor/fideloper/proxy/src/TrustProxies.php(57): Illuminate\\Routing\\Pipeline->Illuminate\\Routing\\{closure}()
#49 /home/bjit/Desktop/training_works/laravel/day2/angkons-pizza-house/vendor/laravel/framework/src/Illuminate/Pipeline/Pipeline.php(163): Fideloper\\Proxy\\TrustProxies->handle()
#50 /home/bjit/Desktop/training_works/laravel/day2/angkons-pizza-house/vendor/laravel/framework/src/Illuminate/Routing/Pipeline.php(53): Illuminate\\Pipeline\\Pipeline->Illuminate\\Pipeline\\{closure}()
#51 /home/bjit/Desktop/training_works/laravel/day2/angkons-pizza-house/vendor/laravel/framework/src/Illuminate/Pipeline/Pipeline.php(104): Illuminate\\Routing\\Pipeline->Illuminate\\Routing\\{closure}()
#52 /home/bjit/Desktop/training_works/laravel/day2/angkons-pizza-house/vendor/laravel/framework/src/Illuminate/Foundation/Http/Kernel.php(151): Illuminate\\Pipeline\\Pipeline->then()
#53 /home/bjit/Desktop/training_works/laravel/day2/angkons-pizza-house/vendor/laravel/framework/src/Illuminate/Foundation/Http/Kernel.php(116): Illuminate\\Foundation\\Http\\Kernel->sendRequestThroughRouter()
#54 /home/bjit/Desktop/training_works/laravel/day2/angkons-pizza-house/public/index.php(55): Illuminate\\Foundation\\Http\\Kernel->handle()
#55 /home/bjit/Desktop/training_works/laravel/day2/angkons-pizza-house/server.php(21): require_once('/home/bjit/Desk...')
#56 {main}
"} 
